;  LST file generated by mikroListExporter - v.2.0 
; Date/Time: 27/08/2013 02:08:22 Õ
;----------------------------------------------

;Address Opcode 	ASM
0x0000	0xF003EFBD  	GOTO        1914
0x0004	0x0000      	NOP
0x0006	0x0000      	NOP
0x0008	0xF000EF00  	GOTO        0
0x000C	0x0000      	NOP
0x000E	0x0000      	NOP
0x0010	0x0000      	NOP
0x0012	0x0000      	NOP
0x0014	0x0000      	NOP
0x0016	0x0000      	NOP
0x0018	0xD7F3      	BRA         0
_Delay_22us:
;__Lib_Delays.c,15 :: 		void Delay_22us() {
;__Lib_Delays.c,16 :: 		Delay_us(22);
0x001C	0x0E07      	MOVLW       7
0x001E	0x6E0D      	MOVWF       R13, 0
L_Delay_22us1:
0x0020	0x2E0D      	DECFSZ      R13, 1, 0
0x0022	0xD7FE      	BRA         L_Delay_22us1
;__Lib_Delays.c,17 :: 		}
L_end_Delay_22us:
0x0024	0x0012      	RETURN      0
; end of _Delay_22us
_Div_16x16_U:
;__Lib_Math.c,102 :: 		
;__Lib_Math.c,109 :: 		
0x0026	0x6A08      	CLRF        R8, 0
;__Lib_Math.c,110 :: 		
0x0028	0x6A09      	CLRF        R9, 0
;__Lib_Math.c,111 :: 		
0x002A	0x0E10      	MOVLW       16
;__Lib_Math.c,112 :: 		
0x002C	0x6E0C      	MOVWF       R12, 0
;__Lib_Math.c,113 :: 		
0x002E	0x3401      	RLCF        R1, 0, 0
;__Lib_Math.c,114 :: 		
0x0030	0x3608      	RLCF        R8, 1, 0
;__Lib_Math.c,115 :: 		
0x0032	0x3609      	RLCF        R9, 1, 0
;__Lib_Math.c,116 :: 		
0x0034	0x5004      	MOVF        R4, 0, 0
;__Lib_Math.c,117 :: 		
0x0036	0x5E08      	SUBWF       R8, 1, 0
;__Lib_Math.c,118 :: 		
0x0038	0x5005      	MOVF        R5, 0, 0
;__Lib_Math.c,119 :: 		
0x003A	0xA0D8      	BTFSS       STATUS, 0, 0
;__Lib_Math.c,120 :: 		
0x003C	0x3C05      	INCFSZ      R5, 0, 0
;__Lib_Math.c,121 :: 		
0x003E	0x5E09      	SUBWF       R9, 1, 0
;__Lib_Math.c,122 :: 		
0x0040	0xB0D8      	BTFSC       STATUS, 0, 0
;__Lib_Math.c,123 :: 		
0x0042	0xD007      	BRA         $+16
;__Lib_Math.c,124 :: 		
0x0044	0x5004      	MOVF        R4, 0, 0
;__Lib_Math.c,125 :: 		
0x0046	0x2608      	ADDWF       R8, 1, 0
;__Lib_Math.c,126 :: 		
0x0048	0x5005      	MOVF        R5, 0, 0
;__Lib_Math.c,127 :: 		
0x004A	0xB0D8      	BTFSC       STATUS, 0, 0
;__Lib_Math.c,128 :: 		
0x004C	0x3C05      	INCFSZ      R5, 0, 0
;__Lib_Math.c,129 :: 		
0x004E	0x2609      	ADDWF       R9, 1, 0
;__Lib_Math.c,130 :: 		
0x0050	0x90D8      	BCF         STATUS, 0, 0
;__Lib_Math.c,131 :: 		
0x0052	0x3600      	RLCF        R0, 1, 0
;__Lib_Math.c,132 :: 		
0x0054	0x3601      	RLCF        R1, 1, 0
;__Lib_Math.c,133 :: 		
0x0056	0x2E0C      	DECFSZ      R12, 1, 0
;__Lib_Math.c,134 :: 		
0x0058	0xD7EA      	BRA         $-42
;__Lib_Math.c,136 :: 		
L_end_Div_16x16_U:
0x005A	0x0012      	RETURN      0
; end of _Div_16x16_U
_ADC_Read:
;__Lib_ADC_A_D.c,35 :: 		
;__Lib_ADC_A_D.c,38 :: 		
0x005C	0x6AC2      	CLRF        ADCON0 
;__Lib_ADC_A_D.c,39 :: 		
0x005E	0x0E07      	MOVLW       7
0x0060	0x12C0      	IORWF       ADCON2, 1 
;__Lib_ADC_A_D.c,40 :: 		
0x0062	0x8EC0      	BSF         ADCON2, 7 
;__Lib_ADC_A_D.c,41 :: 		
0x0064	0xF000C0A2  	MOVFF       FARG_ADC_Read_channel, R0
0x0068	0x3600      	RLCF        R0, 1 
0x006A	0x9000      	BCF         R0, 0 
0x006C	0x3600      	RLCF        R0, 1 
0x006E	0x9000      	BCF         R0, 0 
0x0070	0x5000      	MOVF        R0, 0 
0x0072	0x12C2      	IORWF       ADCON0, 1 
;__Lib_ADC_A_D.c,42 :: 		
0x0074	0x80C2      	BSF         ADCON0, 0 
;__Lib_ADC_A_D.c,43 :: 		
0x0076	0xDFD2      	RCALL       _Delay_22us
;__Lib_ADC_A_D.c,44 :: 		
0x0078	0x82C2      	BSF         ADCON0, 1 
;__Lib_ADC_A_D.c,45 :: 		
L_ADC_Read2:
0x007A	0xA2C2      	BTFSS       ADCON0, 1 
0x007C	0xD001      	BRA         L_ADC_Read3
;__Lib_ADC_A_D.c,46 :: 		
0x007E	0xD7FD      	BRA         L_ADC_Read2
L_ADC_Read3:
;__Lib_ADC_A_D.c,47 :: 		
0x0080	0xF001CFC4  	MOVFF       ADRESH, R1
0x0084	0x6A00      	CLRF        R0 
;__Lib_ADC_A_D.c,48 :: 		
0x0086	0x50C3      	MOVF        ADRESL, 0 
0x0088	0x1200      	IORWF       R0, 1 
0x008A	0x0E00      	MOVLW       0
0x008C	0x1201      	IORWF       R1, 1 
;__Lib_ADC_A_D.c,49 :: 		
0x008E	0x90C2      	BCF         ADCON0, 0 
;__Lib_ADC_A_D.c,51 :: 		
;__Lib_ADC_A_D.c,52 :: 		
L_end_ADC_Read:
0x0090	0x0012      	RETURN      0
; end of _ADC_Read
_WordToStr:
;__Lib_Conversions.c,84 :: 		
;__Lib_Conversions.c,89 :: 		
0x0092	0x0100      	MOVLB       0
0x0094	0x6B6B      	CLRF        WordToStr_len_L0, 1
L_WordToStr6:
0x0096	0x0E05      	MOVLW       5
0x0098	0x5D6B      	SUBWF       WordToStr_len_L0, 0, 1
0x009A	0xE20A      	BC          L_WordToStr7
;__Lib_Conversions.c,90 :: 		
0x009C	0x516B      	MOVF        WordToStr_len_L0, 0, 1
0x009E	0x2569      	ADDWF       FARG_WordToStr_output, 0, 1
0x00A0	0x6EE1      	MOVWF       FSR1L 
0x00A2	0x0E00      	MOVLW       0
0x00A4	0x216A      	ADDWFC      FARG_WordToStr_output+1, 0, 1
0x00A6	0x6EE2      	MOVWF       FSR1H 
0x00A8	0x0E20      	MOVLW       32
0x00AA	0x6EE6      	MOVWF       POSTINC1 
;__Lib_Conversions.c,89 :: 		
0x00AC	0x2B6B      	INCF        WordToStr_len_L0, 1, 1
;__Lib_Conversions.c,90 :: 		
0x00AE	0xD7F3      	BRA         L_WordToStr6
L_WordToStr7:
;__Lib_Conversions.c,91 :: 		
0x00B0	0x516B      	MOVF        WordToStr_len_L0, 0, 1
0x00B2	0x2569      	ADDWF       FARG_WordToStr_output, 0, 1
0x00B4	0x6EE1      	MOVWF       FSR1L 
0x00B6	0x0E00      	MOVLW       0
0x00B8	0x216A      	ADDWFC      FARG_WordToStr_output+1, 0, 1
0x00BA	0x6EE2      	MOVWF       FSR1H 
0x00BC	0x6AE6      	CLRF        POSTINC1 
0x00BE	0x076B      	DECF        WordToStr_len_L0, 1, 1
;__Lib_Conversions.c,93 :: 		
L_WordToStr9:
;__Lib_Conversions.c,94 :: 		
0x00C0	0x516B      	MOVF        WordToStr_len_L0, 0, 1
0x00C2	0x2569      	ADDWF       FARG_WordToStr_output, 0, 1
0x00C4	0x6F6C      	MOVWF       FLOC__WordToStr, 1
0x00C6	0x0E00      	MOVLW       0
0x00C8	0x216A      	ADDWFC      FARG_WordToStr_output+1, 0, 1
0x00CA	0x6F6D      	MOVWF       FLOC__WordToStr+1, 1
0x00CC	0x0E0A      	MOVLW       10
0x00CE	0x6E04      	MOVWF       R4 
0x00D0	0x0E00      	MOVLW       0
0x00D2	0x6E05      	MOVWF       R5 
0x00D4	0xF000C067  	MOVFF       FARG_WordToStr_input, R0
0x00D8	0xF001C068  	MOVFF       FARG_WordToStr_input+1, R1
0x00DC	0xDFA4      	RCALL       _Div_16x16_U
0x00DE	0xF000C008  	MOVFF       R8, R0
0x00E2	0xF001C009  	MOVFF       R9, R1
0x00E6	0x0E30      	MOVLW       48
0x00E8	0x2600      	ADDWF       R0, 1 
0x00EA	0xFFE1C06C  	MOVFF       FLOC__WordToStr, FSR1L
0x00EE	0xFFE2C06D  	MOVFF       FLOC__WordToStr+1, FSR1H
0x00F2	0xFFE6C000  	MOVFF       R0, POSTINC1
;__Lib_Conversions.c,95 :: 		
0x00F6	0x0E0A      	MOVLW       10
0x00F8	0x6E04      	MOVWF       R4 
0x00FA	0x0E00      	MOVLW       0
0x00FC	0x6E05      	MOVWF       R5 
0x00FE	0xF000C067  	MOVFF       FARG_WordToStr_input, R0
0x0102	0xF001C068  	MOVFF       FARG_WordToStr_input+1, R1
0x0106	0xDF8F      	RCALL       _Div_16x16_U
0x0108	0xF067C000  	MOVFF       R0, FARG_WordToStr_input
0x010C	0xF068C001  	MOVFF       R1, FARG_WordToStr_input+1
;__Lib_Conversions.c,96 :: 		
0x0110	0x0E00      	MOVLW       0
0x0112	0x1801      	XORWF       R1, 0 
0x0114	0xE102      	BNZ         L__WordToStr109
0x0116	0x0E00      	MOVLW       0
0x0118	0x1800      	XORWF       R0, 0 
L__WordToStr109:
0x011A	0xE101      	BNZ         L_WordToStr11
;__Lib_Conversions.c,97 :: 		
0x011C	0xD002      	BRA         L_WordToStr10
L_WordToStr11:
;__Lib_Conversions.c,98 :: 		
0x011E	0x076B      	DECF        WordToStr_len_L0, 1, 1
;__Lib_Conversions.c,99 :: 		
0x0120	0xD7CF      	BRA         L_WordToStr9
L_WordToStr10:
;__Lib_Conversions.c,100 :: 		
L_end_WordToStr:
0x0122	0x0012      	RETURN      0
; end of _WordToStr
_UART1_Write:
;__Lib_UART_c67.c,58 :: 		
;__Lib_UART_c67.c,59 :: 		
L_UART1_Write3:
0x0124	0xB2AC      	BTFSC       TXSTA, 1 
0x0126	0xD002      	BRA         L_UART1_Write4
;__Lib_UART_c67.c,60 :: 		
0x0128	0x0000      	NOP
0x012A	0xD7FC      	BRA         L_UART1_Write3
L_UART1_Write4:
;__Lib_UART_c67.c,61 :: 		
0x012C	0xFFADC067  	MOVFF       FARG_UART1_Write_data_, TXREG
;__Lib_UART_c67.c,62 :: 		
L_end_UART1_Write:
0x0130	0x0012      	RETURN      0
; end of _UART1_Write
_touch:
;remot.c,71 :: 		unsigned int touch(char pin)
;remot.c,77 :: 		av=0;
0x0132	0x0100      	MOVLB       0
0x0134	0x6B9C      	CLRF        touch_av_L0, 1
0x0136	0x6B9D      	CLRF        touch_av_L0+1, 1
;remot.c,78 :: 		count=0;
0x0138	0x6B9E      	CLRF        touch_count_L0, 1
0x013A	0x6B9F      	CLRF        touch_count_L0+1, 1
;remot.c,79 :: 		while(count<25)
L_touch8:
0x013C	0x0100      	MOVLB       0
0x013E	0x0E80      	MOVLW       128
0x0140	0x199F      	XORWF       touch_count_L0+1, 0, 1
0x0142	0x6E00      	MOVWF       R0 
0x0144	0x0E80      	MOVLW       128
0x0146	0x5C00      	SUBWF       R0, 0 
0x0148	0xE102      	BNZ         L__touch40
0x014A	0x0E19      	MOVLW       25
0x014C	0x5D9E      	SUBWF       touch_count_L0, 0, 1
L__touch40:
0x014E	0xE26A      	BC          L_touch9
;remot.c,81 :: 		adc_read(11);
0x0150	0x0E0B      	MOVLW       11
0x0152	0x6FA2      	MOVWF       FARG_ADC_Read_channel, 1
0x0154	0xDF83      	RCALL       _ADC_Read
;remot.c,82 :: 		delay_ms(3);
0x0156	0x0E04      	MOVLW       4
0x0158	0x6E0C      	MOVWF       R12, 0
0x015A	0x0EE4      	MOVLW       228
0x015C	0x6E0D      	MOVWF       R13, 0
L_touch10:
0x015E	0x2E0D      	DECFSZ      R13, 1, 0
0x0160	0xD7FE      	BRA         L_touch10
0x0162	0x2E0C      	DECFSZ      R12, 1, 0
0x0164	0xD7FC      	BRA         L_touch10
0x0166	0x0000      	NOP
;remot.c,83 :: 		x[i]=adc_read(pin);
0x0168	0xF000C09A  	MOVFF       touch_i_L0, R0
0x016C	0xF001C09B  	MOVFF       touch_i_L0+1, R1
0x0170	0x3600      	RLCF        R0, 1 
0x0172	0x9000      	BCF         R0, 0 
0x0174	0x3601      	RLCF        R1, 1 
0x0176	0x0E68      	MOVLW       touch_x_L0
0x0178	0x2400      	ADDWF       R0, 0 
0x017A	0x0100      	MOVLB       0
0x017C	0x6FA0      	MOVWF       FLOC__touch, 1
0x017E	0x0E00      	MOVLW       hi_addr(touch_x_L0)
0x0180	0x2001      	ADDWFC      R1, 0 
0x0182	0x6FA1      	MOVWF       FLOC__touch+1, 1
0x0184	0xF0A2C067  	MOVFF       FARG_touch_pin, FARG_ADC_Read_channel
0x0188	0xDF69      	RCALL       _ADC_Read
0x018A	0xFFE1C0A0  	MOVFF       FLOC__touch, FSR1L
0x018E	0xFFE2C0A1  	MOVFF       FLOC__touch+1, FSR1H
0x0192	0xFFE6C000  	MOVFF       R0, POSTINC1
0x0196	0xFFE6C001  	MOVFF       R1, POSTINC1
;remot.c,84 :: 		if(x[i]>10&&x[i]<900)
0x019A	0xF000C09A  	MOVFF       touch_i_L0, R0
0x019E	0xF001C09B  	MOVFF       touch_i_L0+1, R1
0x01A2	0x3600      	RLCF        R0, 1 
0x01A4	0x9000      	BCF         R0, 0 
0x01A6	0x3601      	RLCF        R1, 1 
0x01A8	0x0E68      	MOVLW       touch_x_L0
0x01AA	0x2400      	ADDWF       R0, 0 
0x01AC	0x6EE9      	MOVWF       FSR0L 
0x01AE	0x0E00      	MOVLW       hi_addr(touch_x_L0)
0x01B0	0x2001      	ADDWFC      R1, 0 
0x01B2	0x6EEA      	MOVWF       FSR0H 
0x01B4	0xF001CFEE  	MOVFF       POSTINC0, R1
0x01B8	0xF002CFEE  	MOVFF       POSTINC0, R2
0x01BC	0x0E00      	MOVLW       0
0x01BE	0x6E00      	MOVWF       R0 
0x01C0	0x5002      	MOVF        R2, 0 
0x01C2	0x5C00      	SUBWF       R0, 0 
0x01C4	0xE102      	BNZ         L__touch41
0x01C6	0x5001      	MOVF        R1, 0 
0x01C8	0x080A      	SUBLW       10
L__touch41:
0x01CA	0xE22B      	BC          L_touch13
0x01CC	0xF000C09A  	MOVFF       touch_i_L0, R0
0x01D0	0xF001C09B  	MOVFF       touch_i_L0+1, R1
0x01D4	0x3600      	RLCF        R0, 1 
0x01D6	0x9000      	BCF         R0, 0 
0x01D8	0x3601      	RLCF        R1, 1 
0x01DA	0x0E68      	MOVLW       touch_x_L0
0x01DC	0x2400      	ADDWF       R0, 0 
0x01DE	0x6EE9      	MOVWF       FSR0L 
0x01E0	0x0E00      	MOVLW       hi_addr(touch_x_L0)
0x01E2	0x2001      	ADDWFC      R1, 0 
0x01E4	0x6EEA      	MOVWF       FSR0H 
0x01E6	0xF001CFEE  	MOVFF       POSTINC0, R1
0x01EA	0xF002CFEE  	MOVFF       POSTINC0, R2
0x01EE	0x0E03      	MOVLW       3
0x01F0	0x5C02      	SUBWF       R2, 0 
0x01F2	0xE102      	BNZ         L__touch42
0x01F4	0x0E84      	MOVLW       132
0x01F6	0x5C01      	SUBWF       R1, 0 
L__touch42:
0x01F8	0xE214      	BC          L_touch13
L__touch36:
;remot.c,86 :: 		av=x[i]+av;
0x01FA	0xF000C09A  	MOVFF       touch_i_L0, R0
0x01FE	0xF001C09B  	MOVFF       touch_i_L0+1, R1
0x0202	0x3600      	RLCF        R0, 1 
0x0204	0x9000      	BCF         R0, 0 
0x0206	0x3601      	RLCF        R1, 1 
0x0208	0x0E68      	MOVLW       touch_x_L0
0x020A	0x2400      	ADDWF       R0, 0 
0x020C	0x6EE9      	MOVWF       FSR0L 
0x020E	0x0E00      	MOVLW       hi_addr(touch_x_L0)
0x0210	0x2001      	ADDWFC      R1, 0 
0x0212	0x6EEA      	MOVWF       FSR0H 
0x0214	0x50EE      	MOVF        POSTINC0, 0 
0x0216	0x0100      	MOVLB       0
0x0218	0x279C      	ADDWF       touch_av_L0, 1, 1
0x021A	0x50EE      	MOVF        POSTINC0, 0 
0x021C	0x239D      	ADDWFC      touch_av_L0+1, 1, 1
;remot.c,87 :: 		count++;
0x021E	0x4B9E      	INFSNZ      touch_count_L0, 1, 1
0x0220	0x2B9F      	INCF        touch_count_L0+1, 1, 1
;remot.c,88 :: 		}
L_touch13:
;remot.c,89 :: 		}
0x0222	0xD78C      	BRA         L_touch8
L_touch9:
;remot.c,90 :: 		av=av/25;
0x0224	0x0E19      	MOVLW       25
0x0226	0x6E04      	MOVWF       R4 
0x0228	0x0E00      	MOVLW       0
0x022A	0x6E05      	MOVWF       R5 
0x022C	0xF000C09C  	MOVFF       touch_av_L0, R0
0x0230	0xF001C09D  	MOVFF       touch_av_L0+1, R1
0x0234	0xDEF8      	RCALL       _Div_16x16_U
0x0236	0xF09CC000  	MOVFF       R0, touch_av_L0
0x023A	0xF09DC001  	MOVFF       R1, touch_av_L0+1
;remot.c,91 :: 		return av;
;remot.c,92 :: 		}
L_end_touch:
0x023E	0x0012      	RETURN      0
; end of _touch
_led:
;remot.c,133 :: 		void led(char pin)
;remot.c,135 :: 		if(pin==0)
0x0240	0x504D      	MOVF        FARG_led_pin, 0 
0x0242	0x0A00      	XORLW       0
0x0244	0xE116      	BNZ         L_led26
;remot.c,137 :: 		en1=1;
0x0246	0x8A81      	BSF         RB5_bit, 5 
;remot.c,138 :: 		en2=0;
0x0248	0x9C81      	BCF         RB6_bit, 6 
;remot.c,139 :: 		l1=0;
0x024A	0x9082      	BCF         RC0_bit, 0 
;remot.c,140 :: 		l2=0;
0x024C	0x9282      	BCF         RC1_bit, 1 
;remot.c,141 :: 		l3=1;
0x024E	0x8E81      	BSF         RB7_bit, 7 
;remot.c,142 :: 		l4=0;
0x0250	0x9880      	BCF         RA4_bit, 4 
;remot.c,143 :: 		delay_ms(1000);
0x0252	0x0E06      	MOVLW       6
0x0254	0x6E0B      	MOVWF       R11, 0
0x0256	0x0E13      	MOVLW       19
0x0258	0x6E0C      	MOVWF       R12, 0
0x025A	0x0EAD      	MOVLW       173
0x025C	0x6E0D      	MOVWF       R13, 0
L_led27:
0x025E	0x2E0D      	DECFSZ      R13, 1, 0
0x0260	0xD7FE      	BRA         L_led27
0x0262	0x2E0C      	DECFSZ      R12, 1, 0
0x0264	0xD7FC      	BRA         L_led27
0x0266	0x2E0B      	DECFSZ      R11, 1, 0
0x0268	0xD7FA      	BRA         L_led27
0x026A	0x0000      	NOP
0x026C	0x0000      	NOP
;remot.c,144 :: 		en1=1;
0x026E	0x8A81      	BSF         RB5_bit, 5 
;remot.c,145 :: 		en2=1;
0x0270	0x8C81      	BSF         RB6_bit, 6 
;remot.c,146 :: 		}
L_led26:
;remot.c,147 :: 		if(pin==1)
0x0272	0x504D      	MOVF        FARG_led_pin, 0 
0x0274	0x0A01      	XORLW       1
0x0276	0xE116      	BNZ         L_led28
;remot.c,149 :: 		en1=0;
0x0278	0x9A81      	BCF         RB5_bit, 5 
;remot.c,150 :: 		en2=1;
0x027A	0x8C81      	BSF         RB6_bit, 6 
;remot.c,151 :: 		l1=0;
0x027C	0x9082      	BCF         RC0_bit, 0 
;remot.c,152 :: 		l2=0;
0x027E	0x9282      	BCF         RC1_bit, 1 
;remot.c,153 :: 		l3=1;
0x0280	0x8E81      	BSF         RB7_bit, 7 
;remot.c,154 :: 		l4=0;
0x0282	0x9880      	BCF         RA4_bit, 4 
;remot.c,155 :: 		delay_ms(1000);
0x0284	0x0E06      	MOVLW       6
0x0286	0x6E0B      	MOVWF       R11, 0
0x0288	0x0E13      	MOVLW       19
0x028A	0x6E0C      	MOVWF       R12, 0
0x028C	0x0EAD      	MOVLW       173
0x028E	0x6E0D      	MOVWF       R13, 0
L_led29:
0x0290	0x2E0D      	DECFSZ      R13, 1, 0
0x0292	0xD7FE      	BRA         L_led29
0x0294	0x2E0C      	DECFSZ      R12, 1, 0
0x0296	0xD7FC      	BRA         L_led29
0x0298	0x2E0B      	DECFSZ      R11, 1, 0
0x029A	0xD7FA      	BRA         L_led29
0x029C	0x0000      	NOP
0x029E	0x0000      	NOP
;remot.c,156 :: 		en1=1;
0x02A0	0x8A81      	BSF         RB5_bit, 5 
;remot.c,157 :: 		en2=1;
0x02A2	0x8C81      	BSF         RB6_bit, 6 
;remot.c,158 :: 		}
L_led28:
;remot.c,159 :: 		if(pin==2)
0x02A4	0x504D      	MOVF        FARG_led_pin, 0 
0x02A6	0x0A02      	XORLW       2
0x02A8	0xE116      	BNZ         L_led30
;remot.c,161 :: 		en1=1;
0x02AA	0x8A81      	BSF         RB5_bit, 5 
;remot.c,162 :: 		en2=0;
0x02AC	0x9C81      	BCF         RB6_bit, 6 
;remot.c,163 :: 		l1=0;
0x02AE	0x9082      	BCF         RC0_bit, 0 
;remot.c,164 :: 		l2=0;
0x02B0	0x9282      	BCF         RC1_bit, 1 
;remot.c,165 :: 		l3=0;
0x02B2	0x9E81      	BCF         RB7_bit, 7 
;remot.c,166 :: 		l4=1;
0x02B4	0x8880      	BSF         RA4_bit, 4 
;remot.c,167 :: 		delay_ms(1000);
0x02B6	0x0E06      	MOVLW       6
0x02B8	0x6E0B      	MOVWF       R11, 0
0x02BA	0x0E13      	MOVLW       19
0x02BC	0x6E0C      	MOVWF       R12, 0
0x02BE	0x0EAD      	MOVLW       173
0x02C0	0x6E0D      	MOVWF       R13, 0
L_led31:
0x02C2	0x2E0D      	DECFSZ      R13, 1, 0
0x02C4	0xD7FE      	BRA         L_led31
0x02C6	0x2E0C      	DECFSZ      R12, 1, 0
0x02C8	0xD7FC      	BRA         L_led31
0x02CA	0x2E0B      	DECFSZ      R11, 1, 0
0x02CC	0xD7FA      	BRA         L_led31
0x02CE	0x0000      	NOP
0x02D0	0x0000      	NOP
;remot.c,168 :: 		en1=1;
0x02D2	0x8A81      	BSF         RB5_bit, 5 
;remot.c,169 :: 		en2=1;
0x02D4	0x8C81      	BSF         RB6_bit, 6 
;remot.c,170 :: 		}
L_led30:
;remot.c,171 :: 		if(pin==3)
0x02D6	0x504D      	MOVF        FARG_led_pin, 0 
0x02D8	0x0A03      	XORLW       3
0x02DA	0xE116      	BNZ         L_led32
;remot.c,173 :: 		en1=0;
0x02DC	0x9A81      	BCF         RB5_bit, 5 
;remot.c,174 :: 		en2=1;
0x02DE	0x8C81      	BSF         RB6_bit, 6 
;remot.c,175 :: 		l1=0;
0x02E0	0x9082      	BCF         RC0_bit, 0 
;remot.c,176 :: 		l2=0;
0x02E2	0x9282      	BCF         RC1_bit, 1 
;remot.c,177 :: 		l3=0;
0x02E4	0x9E81      	BCF         RB7_bit, 7 
;remot.c,178 :: 		l4=1;
0x02E6	0x8880      	BSF         RA4_bit, 4 
;remot.c,179 :: 		delay_ms(1000);
0x02E8	0x0E06      	MOVLW       6
0x02EA	0x6E0B      	MOVWF       R11, 0
0x02EC	0x0E13      	MOVLW       19
0x02EE	0x6E0C      	MOVWF       R12, 0
0x02F0	0x0EAD      	MOVLW       173
0x02F2	0x6E0D      	MOVWF       R13, 0
L_led33:
0x02F4	0x2E0D      	DECFSZ      R13, 1, 0
0x02F6	0xD7FE      	BRA         L_led33
0x02F8	0x2E0C      	DECFSZ      R12, 1, 0
0x02FA	0xD7FC      	BRA         L_led33
0x02FC	0x2E0B      	DECFSZ      R11, 1, 0
0x02FE	0xD7FA      	BRA         L_led33
0x0300	0x0000      	NOP
0x0302	0x0000      	NOP
;remot.c,180 :: 		en1=1;
0x0304	0x8A81      	BSF         RB5_bit, 5 
;remot.c,181 :: 		en2=1;
0x0306	0x8C81      	BSF         RB6_bit, 6 
;remot.c,182 :: 		}
L_led32:
;remot.c,188 :: 		}
L_end_led:
0x0308	0x0012      	RETURN      0
; end of _led
_get_touch:
;remot.c,94 :: 		char get_touch(unsigned int calepration[])
;remot.c,98 :: 		int max_v=0;
0x030A	0x0100      	MOVLB       0
0x030C	0x6B62      	CLRF        get_touch_max_v_L0, 1
0x030E	0x6B63      	CLRF        get_touch_max_v_L0+1, 1
0x0310	0x0E00      	MOVLW       0
0x0312	0x6F64      	MOVWF       get_touch_min_v_L0, 1
0x0314	0x0E04      	MOVLW       4
0x0316	0x6F65      	MOVWF       get_touch_min_v_L0+1, 1
0x0318	0x6B66      	CLRF        get_touch_min_n_L0, 1
;remot.c,102 :: 		calpin[0]=touch(0);
0x031A	0x6B67      	CLRF        FARG_touch_pin, 1
0x031C	0xDF0A      	RCALL       _touch
0x031E	0xF051C000  	MOVFF       R0, get_touch_calpin_L0
0x0322	0xF052C001  	MOVFF       R1, get_touch_calpin_L0+1
;remot.c,103 :: 		calpin[1]=touch(1);
0x0326	0x0E01      	MOVLW       1
0x0328	0x0100      	MOVLB       0
0x032A	0x6F67      	MOVWF       FARG_touch_pin, 1
0x032C	0xDF02      	RCALL       _touch
0x032E	0xF053C000  	MOVFF       R0, get_touch_calpin_L0+2
0x0332	0xF054C001  	MOVFF       R1, get_touch_calpin_L0+3
;remot.c,104 :: 		calpin[2]=touch(2);
0x0336	0x0E02      	MOVLW       2
0x0338	0x0100      	MOVLB       0
0x033A	0x6F67      	MOVWF       FARG_touch_pin, 1
0x033C	0xDEFA      	RCALL       _touch
0x033E	0xF055C000  	MOVFF       R0, get_touch_calpin_L0+4
0x0342	0xF056C001  	MOVFF       R1, get_touch_calpin_L0+5
;remot.c,105 :: 		calpin[3]=touch(3);
0x0346	0x0E03      	MOVLW       3
0x0348	0x0100      	MOVLB       0
0x034A	0x6F67      	MOVWF       FARG_touch_pin, 1
0x034C	0xDEF2      	RCALL       _touch
0x034E	0xF057C000  	MOVFF       R0, get_touch_calpin_L0+6
0x0352	0xF058C001  	MOVFF       R1, get_touch_calpin_L0+7
;remot.c,106 :: 		calpin[4]=touch(8);
0x0356	0x0E08      	MOVLW       8
0x0358	0x0100      	MOVLB       0
0x035A	0x6F67      	MOVWF       FARG_touch_pin, 1
0x035C	0xDEEA      	RCALL       _touch
0x035E	0xF059C000  	MOVFF       R0, get_touch_calpin_L0+8
0x0362	0xF05AC001  	MOVFF       R1, get_touch_calpin_L0+9
;remot.c,107 :: 		calpin[5]=touch(9);
0x0366	0x0E09      	MOVLW       9
0x0368	0x0100      	MOVLB       0
0x036A	0x6F67      	MOVWF       FARG_touch_pin, 1
0x036C	0xDEE2      	RCALL       _touch
0x036E	0xF05BC000  	MOVFF       R0, get_touch_calpin_L0+10
0x0372	0xF05CC001  	MOVFF       R1, get_touch_calpin_L0+11
;remot.c,108 :: 		calpin[6]=touch(10);
0x0376	0x0E0A      	MOVLW       10
0x0378	0x0100      	MOVLB       0
0x037A	0x6F67      	MOVWF       FARG_touch_pin, 1
0x037C	0xDEDA      	RCALL       _touch
0x037E	0xF05DC000  	MOVFF       R0, get_touch_calpin_L0+12
0x0382	0xF05EC001  	MOVFF       R1, get_touch_calpin_L0+13
;remot.c,109 :: 		calpin[7]=touch(12);
0x0386	0x0E0C      	MOVLW       12
0x0388	0x0100      	MOVLB       0
0x038A	0x6F67      	MOVWF       FARG_touch_pin, 1
0x038C	0xDED2      	RCALL       _touch
0x038E	0xF05FC000  	MOVFF       R0, get_touch_calpin_L0+14
0x0392	0xF060C001  	MOVFF       R1, get_touch_calpin_L0+15
;remot.c,110 :: 		for(i=0;i<8;i++)
0x0396	0x0100      	MOVLB       0
0x0398	0x6B61      	CLRF        get_touch_i_L0, 1
L_get_touch14:
0x039A	0x0E08      	MOVLW       8
0x039C	0x5D61      	SUBWF       get_touch_i_L0, 0, 1
0x039E	0xE22E      	BC          L_get_touch15
;remot.c,112 :: 		if(calpin[i]>max_v)
0x03A0	0xF000C061  	MOVFF       get_touch_i_L0, R0
0x03A4	0x0E00      	MOVLW       0
0x03A6	0x6E01      	MOVWF       R1 
0x03A8	0x3600      	RLCF        R0, 1 
0x03AA	0x9000      	BCF         R0, 0 
0x03AC	0x3601      	RLCF        R1, 1 
0x03AE	0x0E51      	MOVLW       get_touch_calpin_L0
0x03B0	0x2400      	ADDWF       R0, 0 
0x03B2	0x6EE9      	MOVWF       FSR0L 
0x03B4	0x0E00      	MOVLW       hi_addr(get_touch_calpin_L0)
0x03B6	0x2001      	ADDWFC      R1, 0 
0x03B8	0x6EEA      	MOVWF       FSR0H 
0x03BA	0xF001CFEE  	MOVFF       POSTINC0, R1
0x03BE	0xF002CFEE  	MOVFF       POSTINC0, R2
0x03C2	0x0E80      	MOVLW       128
0x03C4	0x1963      	XORWF       get_touch_max_v_L0+1, 0, 1
0x03C6	0x6E00      	MOVWF       R0 
0x03C8	0x0E80      	MOVLW       128
0x03CA	0x1802      	XORWF       R2, 0 
0x03CC	0x5C00      	SUBWF       R0, 0 
0x03CE	0xE102      	BNZ         L__get_touch44
0x03D0	0x5001      	MOVF        R1, 0 
0x03D2	0x5D62      	SUBWF       get_touch_max_v_L0, 0, 1
L__get_touch44:
0x03D4	0xE211      	BC          L_get_touch17
;remot.c,113 :: 		max_v=calpin[i];
0x03D6	0xF000C061  	MOVFF       get_touch_i_L0, R0
0x03DA	0x0E00      	MOVLW       0
0x03DC	0x6E01      	MOVWF       R1 
0x03DE	0x3600      	RLCF        R0, 1 
0x03E0	0x9000      	BCF         R0, 0 
0x03E2	0x3601      	RLCF        R1, 1 
0x03E4	0x0E51      	MOVLW       get_touch_calpin_L0
0x03E6	0x2400      	ADDWF       R0, 0 
0x03E8	0x6EE9      	MOVWF       FSR0L 
0x03EA	0x0E00      	MOVLW       hi_addr(get_touch_calpin_L0)
0x03EC	0x2001      	ADDWFC      R1, 0 
0x03EE	0x6EEA      	MOVWF       FSR0H 
0x03F0	0xF062CFEE  	MOVFF       POSTINC0, get_touch_max_v_L0
0x03F4	0xF063CFEE  	MOVFF       POSTINC0, get_touch_max_v_L0+1
L_get_touch17:
;remot.c,110 :: 		for(i=0;i<8;i++)
0x03F8	0x2B61      	INCF        get_touch_i_L0, 1, 1
;remot.c,114 :: 		}
0x03FA	0xD7CF      	BRA         L_get_touch14
L_get_touch15:
;remot.c,115 :: 		for(i=0;i<8;i++)
0x03FC	0x6B61      	CLRF        get_touch_i_L0, 1
L_get_touch18:
0x03FE	0x0E08      	MOVLW       8
0x0400	0x5D61      	SUBWF       get_touch_i_L0, 0, 1
0x0402	0xE230      	BC          L_get_touch19
;remot.c,117 :: 		if(calpin[i]<min_v)
0x0404	0xF000C061  	MOVFF       get_touch_i_L0, R0
0x0408	0x0E00      	MOVLW       0
0x040A	0x6E01      	MOVWF       R1 
0x040C	0x3600      	RLCF        R0, 1 
0x040E	0x9000      	BCF         R0, 0 
0x0410	0x3601      	RLCF        R1, 1 
0x0412	0x0E51      	MOVLW       get_touch_calpin_L0
0x0414	0x2400      	ADDWF       R0, 0 
0x0416	0x6EE9      	MOVWF       FSR0L 
0x0418	0x0E00      	MOVLW       hi_addr(get_touch_calpin_L0)
0x041A	0x2001      	ADDWFC      R1, 0 
0x041C	0x6EEA      	MOVWF       FSR0H 
0x041E	0xF001CFEE  	MOVFF       POSTINC0, R1
0x0422	0xF002CFEE  	MOVFF       POSTINC0, R2
0x0426	0x0E80      	MOVLW       128
0x0428	0x1802      	XORWF       R2, 0 
0x042A	0x6E00      	MOVWF       R0 
0x042C	0x0E80      	MOVLW       128
0x042E	0x1965      	XORWF       get_touch_min_v_L0+1, 0, 1
0x0430	0x5C00      	SUBWF       R0, 0 
0x0432	0xE102      	BNZ         L__get_touch45
0x0434	0x5164      	MOVF        get_touch_min_v_L0, 0, 1
0x0436	0x5C01      	SUBWF       R1, 0 
L__get_touch45:
0x0438	0xE213      	BC          L_get_touch21
;remot.c,119 :: 		min_v=calpin[i];
0x043A	0xF000C061  	MOVFF       get_touch_i_L0, R0
0x043E	0x0E00      	MOVLW       0
0x0440	0x6E01      	MOVWF       R1 
0x0442	0x3600      	RLCF        R0, 1 
0x0444	0x9000      	BCF         R0, 0 
0x0446	0x3601      	RLCF        R1, 1 
0x0448	0x0E51      	MOVLW       get_touch_calpin_L0
0x044A	0x2400      	ADDWF       R0, 0 
0x044C	0x6EE9      	MOVWF       FSR0L 
0x044E	0x0E00      	MOVLW       hi_addr(get_touch_calpin_L0)
0x0450	0x2001      	ADDWFC      R1, 0 
0x0452	0x6EEA      	MOVWF       FSR0H 
0x0454	0xF064CFEE  	MOVFF       POSTINC0, get_touch_min_v_L0
0x0458	0xF065CFEE  	MOVFF       POSTINC0, get_touch_min_v_L0+1
;remot.c,120 :: 		min_n=i;
0x045C	0xF066C061  	MOVFF       get_touch_i_L0, get_touch_min_n_L0
;remot.c,121 :: 		}
L_get_touch21:
;remot.c,115 :: 		for(i=0;i<8;i++)
0x0460	0x2B61      	INCF        get_touch_i_L0, 1, 1
;remot.c,122 :: 		}
0x0462	0xD7CD      	BRA         L_get_touch18
L_get_touch19:
;remot.c,123 :: 		test1=max_v-min_v;
0x0464	0x5164      	MOVF        get_touch_min_v_L0, 0, 1
0x0466	0x5D62      	SUBWF       get_touch_max_v_L0, 0, 1
0x0468	0x6E4F      	MOVWF       get_touch_test1_L0 
0x046A	0x5165      	MOVF        get_touch_min_v_L0+1, 0, 1
0x046C	0x5963      	SUBWFB      get_touch_max_v_L0+1, 0, 1
0x046E	0x6E50      	MOVWF       get_touch_test1_L0+1 
;remot.c,124 :: 		test2=calepration[min_n]-min_v;
0x0470	0xF000C066  	MOVFF       get_touch_min_n_L0, R0
0x0474	0x0E00      	MOVLW       0
0x0476	0x6E01      	MOVWF       R1 
0x0478	0x3600      	RLCF        R0, 1 
0x047A	0x9000      	BCF         R0, 0 
0x047C	0x3601      	RLCF        R1, 1 
0x047E	0x5000      	MOVF        R0, 0 
0x0480	0x244D      	ADDWF       FARG_get_touch_calepration, 0 
0x0482	0x6EE9      	MOVWF       FSR0L 
0x0484	0x5001      	MOVF        R1, 0 
0x0486	0x204E      	ADDWFC      FARG_get_touch_calepration+1, 0 
0x0488	0x6EEA      	MOVWF       FSR0H 
0x048A	0x5164      	MOVF        get_touch_min_v_L0, 0, 1
0x048C	0x5CEE      	SUBWF       POSTINC0, 0 
0x048E	0x6E01      	MOVWF       R1 
0x0490	0x5165      	MOVF        get_touch_min_v_L0+1, 0, 1
0x0492	0x58EE      	SUBWFB      POSTINC0, 0 
0x0494	0x6E02      	MOVWF       R2 
;remot.c,125 :: 		if(test1=70&&test2>70)
0x0496	0x0E00      	MOVLW       0
0x0498	0x6E00      	MOVWF       R0 
0x049A	0x5002      	MOVF        R2, 0 
0x049C	0x5C00      	SUBWF       R0, 0 
0x049E	0xE102      	BNZ         L__get_touch46
0x04A0	0x5001      	MOVF        R1, 0 
0x04A2	0x0846      	SUBLW       70
L__get_touch46:
0x04A4	0xE203      	BC          L_get_touch23
0x04A6	0x0E01      	MOVLW       1
0x04A8	0x6E00      	MOVWF       R0 
0x04AA	0xD001      	BRA         L_get_touch22
L_get_touch23:
0x04AC	0x6A00      	CLRF        R0 
L_get_touch22:
0x04AE	0xF04FC000  	MOVFF       R0, get_touch_test1_L0
0x04B2	0x0E00      	MOVLW       0
0x04B4	0x6E50      	MOVWF       get_touch_test1_L0+1 
0x04B6	0x504F      	MOVF        get_touch_test1_L0, 0 
0x04B8	0x1050      	IORWF       get_touch_test1_L0+1, 0 
0x04BA	0xE003      	BZ          L_get_touch24
;remot.c,127 :: 		return min_n;
0x04BC	0xF000C066  	MOVFF       get_touch_min_n_L0, R0
0x04C0	0xD002      	BRA         L_end_get_touch
;remot.c,128 :: 		}
L_get_touch24:
;remot.c,130 :: 		return 55;
0x04C2	0x0E37      	MOVLW       55
0x04C4	0x6E00      	MOVWF       R0 
;remot.c,131 :: 		}
L_end_get_touch:
0x04C6	0x0012      	RETURN      0
; end of _get_touch
_UART1_Init:
;__Lib_UART_c67.c,15 :: 		
;__Lib_UART_c67.c,18 :: 		
0x04C8	0x0E24      	MOVLW       _UART1_Write
0x04CA	0x6E31      	MOVWF       _UART_Wr_Ptr 
0x04CC	0x0E01      	MOVLW       hi_addr(_UART1_Write)
0x04CE	0x6E32      	MOVWF       _UART_Wr_Ptr+1 
0x04D0	0x0E67      	MOVLW       FARG_UART1_Write_data_
0x04D2	0x6E33      	MOVWF       _UART_Wr_Ptr+2 
0x04D4	0x0E00      	MOVLW       hi_addr(FARG_UART1_Write_data_)
0x04D6	0x6E34      	MOVWF       _UART_Wr_Ptr+3 
;__Lib_UART_c67.c,19 :: 		
0x04D8	0x0EFF      	MOVLW       _UART1_Read
0x04DA	0x6E29      	MOVWF       _UART_Rd_Ptr 
0x04DC	0x0EFF      	MOVLW       hi_addr(_UART1_Read)
0x04DE	0x6E2A      	MOVWF       _UART_Rd_Ptr+1 
0x04E0	0x0E00      	MOVLW       0
0x04E2	0x6E2B      	MOVWF       _UART_Rd_Ptr+2 
0x04E4	0x0E00      	MOVLW       0
0x04E6	0x6E2C      	MOVWF       _UART_Rd_Ptr+3 
;__Lib_UART_c67.c,20 :: 		
0x04E8	0x0EFF      	MOVLW       _UART1_Data_Ready
0x04EA	0x6E2D      	MOVWF       _UART_Rdy_Ptr 
0x04EC	0x0EFF      	MOVLW       hi_addr(_UART1_Data_Ready)
0x04EE	0x6E2E      	MOVWF       _UART_Rdy_Ptr+1 
0x04F0	0x0E00      	MOVLW       0
0x04F2	0x6E2F      	MOVWF       _UART_Rdy_Ptr+2 
0x04F4	0x0E00      	MOVLW       0
0x04F6	0x6E30      	MOVWF       _UART_Rdy_Ptr+3 
;__Lib_UART_c67.c,21 :: 		
0x04F8	0x0EFF      	MOVLW       _UART1_Tx_Idle
0x04FA	0x6E25      	MOVWF       _UART_Tx_Idle_Ptr 
0x04FC	0x0EFF      	MOVLW       hi_addr(_UART1_Tx_Idle)
0x04FE	0x6E26      	MOVWF       _UART_Tx_Idle_Ptr+1 
0x0500	0x0E00      	MOVLW       0
0x0502	0x6E27      	MOVWF       _UART_Tx_Idle_Ptr+2 
0x0504	0x0E00      	MOVLW       0
0x0506	0x6E28      	MOVWF       _UART_Tx_Idle_Ptr+3 
;__Lib_UART_c67.c,23 :: 		
0x0508	0x8AAC      	BSF         TXSTA, 5 
;__Lib_UART_c67.c,24 :: 		
0x050A	0x0E90      	MOVLW       144
0x050C	0x6EAB      	MOVWF       RCSTA 
;__Lib_UART_c67.c,25 :: 		
0x050E	0x8E94      	BSF         TRISC7_bit, 7 
;__Lib_UART_c67.c,26 :: 		
0x0510	0x9C94      	BCF         TRISC6_bit, 6 
;__Lib_UART_c67.c,28 :: 		
L_UART1_Init0:
0x0512	0xAA9E      	BTFSS       PIR1, 5 
0x0514	0xD003      	BRA         L_UART1_Init1
;__Lib_UART_c67.c,29 :: 		
0x0516	0xF000CFAE  	MOVFF       RCREG, R0
0x051A	0xD7FB      	BRA         L_UART1_Init0
L_UART1_Init1:
;__Lib_UART_c67.c,30 :: 		
L_end_UART1_Init:
0x051C	0x0012      	RETURN      0
; end of _UART1_Init
_config:
;remot.c,8 :: 		void config()
;remot.c,10 :: 		trisb5_bit=0;
0x051E	0x9A93      	BCF         TRISB5_bit, 5 
;remot.c,11 :: 		trisb6_bit=0;
0x0520	0x9C93      	BCF         TRISB6_bit, 6 
;remot.c,12 :: 		trisc0_bit=0;
0x0522	0x9094      	BCF         TRISC0_bit, 0 
;remot.c,13 :: 		trisc1_bit=0;
0x0524	0x9294      	BCF         TRISC1_bit, 1 
;remot.c,14 :: 		trisb7_bit=0;
0x0526	0x9E93      	BCF         TRISB7_bit, 7 
;remot.c,15 :: 		trisa4_bit=0;
0x0528	0x9892      	BCF         TRISA4_bit, 4 
;remot.c,16 :: 		en1=0;
0x052A	0x9A81      	BCF         RB5_bit, 5 
;remot.c,17 :: 		en2=0;
0x052C	0x9C81      	BCF         RB6_bit, 6 
;remot.c,18 :: 		l1=0;
0x052E	0x9082      	BCF         RC0_bit, 0 
;remot.c,19 :: 		l2=0;
0x0530	0x9282      	BCF         RC1_bit, 1 
;remot.c,20 :: 		l3=0;
0x0532	0x9E81      	BCF         RB7_bit, 7 
;remot.c,21 :: 		l4=0;
0x0534	0x9880      	BCF         RA4_bit, 4 
;remot.c,22 :: 		}
L_end_config:
0x0536	0x0012      	RETURN      0
; end of _config
___CC2DW:
;__Lib_System.c,21 :: 		
;__Lib_System.c,23 :: 		
_CC2DL_Loop1:
;__Lib_System.c,24 :: 		
0x0538	0x0009      	TBLRD*+
;__Lib_System.c,25 :: 		
0x053A	0xFFE6CFF5  	MOVFF       TABLAT, POSTINC1
;__Lib_System.c,26 :: 		
0x053E	0x0600      	DECF        R0, 1, 0
;__Lib_System.c,27 :: 		
0x0540	0xE1FB      	BNZ         _CC2DL_Loop1
;__Lib_System.c,28 :: 		
0x0542	0x0601      	DECF        R1, 1, 0
;__Lib_System.c,29 :: 		
0x0544	0xE1F9      	BNZ         _CC2DL_Loop1
;__Lib_System.c,31 :: 		
L_end___CC2DW:
0x0546	0x0012      	RETURN      0
; end of ___CC2DW
_IntToStr:
;__Lib_Conversions.c,146 :: 		
;__Lib_Conversions.c,152 :: 		
0x0548	0x6A53      	CLRF        IntToStr_negative_L0 
0x054A	0x6A54      	CLRF        IntToStr_negative_L0+1 
;__Lib_Conversions.c,153 :: 		
0x054C	0xF055C04D  	MOVFF       FARG_IntToStr_input, IntToStr_inword_L0
0x0550	0xF056C04E  	MOVFF       FARG_IntToStr_input+1, IntToStr_inword_L0+1
;__Lib_Conversions.c,154 :: 		
0x0554	0x0E80      	MOVLW       128
0x0556	0x184E      	XORWF       FARG_IntToStr_input+1, 0 
0x0558	0x6E00      	MOVWF       R0 
0x055A	0x0E80      	MOVLW       128
0x055C	0x5C00      	SUBWF       R0, 0 
0x055E	0xE102      	BNZ         L__IntToStr115
0x0560	0x0E00      	MOVLW       0
0x0562	0x5C4D      	SUBWF       FARG_IntToStr_input, 0 
L__IntToStr115:
0x0564	0xE20B      	BC          L_IntToStr23
;__Lib_Conversions.c,155 :: 		
0x0566	0x0E01      	MOVLW       1
0x0568	0x6E53      	MOVWF       IntToStr_negative_L0 
0x056A	0x0E00      	MOVLW       0
0x056C	0x6E54      	MOVWF       IntToStr_negative_L0+1 
;__Lib_Conversions.c,156 :: 		
0x056E	0x504D      	MOVF        FARG_IntToStr_input, 0 
0x0570	0x0800      	SUBLW       0
0x0572	0x6E55      	MOVWF       IntToStr_inword_L0 
0x0574	0xF056C04E  	MOVFF       FARG_IntToStr_input+1, IntToStr_inword_L0+1
0x0578	0x0E00      	MOVLW       0
0x057A	0x5656      	SUBFWB      IntToStr_inword_L0+1, 1 
;__Lib_Conversions.c,157 :: 		
L_IntToStr23:
;__Lib_Conversions.c,158 :: 		
0x057C	0xF067C055  	MOVFF       IntToStr_inword_L0, FARG_WordToStr_input
0x0580	0xF068C056  	MOVFF       IntToStr_inword_L0+1, FARG_WordToStr_input+1
0x0584	0xF069C04F  	MOVFF       FARG_IntToStr_output, FARG_WordToStr_output
0x0588	0xF06AC050  	MOVFF       FARG_IntToStr_output+1, FARG_WordToStr_output+1
0x058C	0xDD82      	RCALL       _WordToStr
;__Lib_Conversions.c,160 :: 		
0x058E	0x0E06      	MOVLW       6
0x0590	0x6E51      	MOVWF       IntToStr_i_L0 
0x0592	0x0E00      	MOVLW       0
0x0594	0x6E52      	MOVWF       IntToStr_i_L0+1 
;__Lib_Conversions.c,161 :: 		
L_IntToStr24:
0x0596	0x0E00      	MOVLW       0
0x0598	0x6E00      	MOVWF       R0 
0x059A	0x5052      	MOVF        IntToStr_i_L0+1, 0 
0x059C	0x5C00      	SUBWF       R0, 0 
0x059E	0xE102      	BNZ         L__IntToStr116
0x05A0	0x5051      	MOVF        IntToStr_i_L0, 0 
0x05A2	0x0800      	SUBLW       0
L__IntToStr116:
0x05A4	0xE219      	BC          L_IntToStr25
;__Lib_Conversions.c,162 :: 		
0x05A6	0x5051      	MOVF        IntToStr_i_L0, 0 
0x05A8	0x244F      	ADDWF       FARG_IntToStr_output, 0 
0x05AA	0x6EE1      	MOVWF       FSR1L 
0x05AC	0x5052      	MOVF        IntToStr_i_L0+1, 0 
0x05AE	0x2050      	ADDWFC      FARG_IntToStr_output+1, 0 
0x05B0	0x6EE2      	MOVWF       FSR1H 
0x05B2	0x0E01      	MOVLW       1
0x05B4	0x5C51      	SUBWF       IntToStr_i_L0, 0 
0x05B6	0x6E00      	MOVWF       R0 
0x05B8	0x0E00      	MOVLW       0
0x05BA	0x5852      	SUBWFB      IntToStr_i_L0+1, 0 
0x05BC	0x6E01      	MOVWF       R1 
0x05BE	0x5000      	MOVF        R0, 0 
0x05C0	0x244F      	ADDWF       FARG_IntToStr_output, 0 
0x05C2	0x6EE9      	MOVWF       FSR0L 
0x05C4	0x5001      	MOVF        R1, 0 
0x05C6	0x2050      	ADDWFC      FARG_IntToStr_output+1, 0 
0x05C8	0x6EEA      	MOVWF       FSR0H 
0x05CA	0xFFE6CFEE  	MOVFF       POSTINC0, POSTINC1
;__Lib_Conversions.c,163 :: 		
0x05CE	0x0E01      	MOVLW       1
0x05D0	0x5E51      	SUBWF       IntToStr_i_L0, 1 
0x05D2	0x0E00      	MOVLW       0
0x05D4	0x5A52      	SUBWFB      IntToStr_i_L0+1, 1 
;__Lib_Conversions.c,164 :: 		
0x05D6	0xD7DF      	BRA         L_IntToStr24
L_IntToStr25:
;__Lib_Conversions.c,165 :: 		
0x05D8	0xFFE1C04F  	MOVFF       FARG_IntToStr_output, FSR1L
0x05DC	0xFFE2C050  	MOVFF       FARG_IntToStr_output+1, FSR1H
0x05E0	0x0E20      	MOVLW       32
0x05E2	0x6EE6      	MOVWF       POSTINC1 
;__Lib_Conversions.c,166 :: 		
0x05E4	0x5053      	MOVF        IntToStr_negative_L0, 0 
0x05E6	0x1054      	IORWF       IntToStr_negative_L0+1, 0 
0x05E8	0xE01A      	BZ          L_IntToStr26
;__Lib_Conversions.c,167 :: 		
0x05EA	0x6A51      	CLRF        IntToStr_i_L0 
0x05EC	0x6A52      	CLRF        IntToStr_i_L0+1 
;__Lib_Conversions.c,168 :: 		
L_IntToStr27:
0x05EE	0x5051      	MOVF        IntToStr_i_L0, 0 
0x05F0	0x244F      	ADDWF       FARG_IntToStr_output, 0 
0x05F2	0x6EE9      	MOVWF       FSR0L 
0x05F4	0x5052      	MOVF        IntToStr_i_L0+1, 0 
0x05F6	0x2050      	ADDWFC      FARG_IntToStr_output+1, 0 
0x05F8	0x6EEA      	MOVWF       FSR0H 
0x05FA	0x50EE      	MOVF        POSTINC0, 0 
0x05FC	0x0A20      	XORLW       32
0x05FE	0xE103      	BNZ         L_IntToStr28
0x0600	0x4A51      	INFSNZ      IntToStr_i_L0, 1 
0x0602	0x2A52      	INCF        IntToStr_i_L0+1, 1 
0x0604	0xD7F4      	BRA         L_IntToStr27
L_IntToStr28:
;__Lib_Conversions.c,169 :: 		
0x0606	0x0E01      	MOVLW       1
0x0608	0x5E51      	SUBWF       IntToStr_i_L0, 1 
0x060A	0x0E00      	MOVLW       0
0x060C	0x5A52      	SUBWFB      IntToStr_i_L0+1, 1 
;__Lib_Conversions.c,170 :: 		
0x060E	0x5051      	MOVF        IntToStr_i_L0, 0 
0x0610	0x244F      	ADDWF       FARG_IntToStr_output, 0 
0x0612	0x6EE1      	MOVWF       FSR1L 
0x0614	0x5052      	MOVF        IntToStr_i_L0+1, 0 
0x0616	0x2050      	ADDWFC      FARG_IntToStr_output+1, 0 
0x0618	0x6EE2      	MOVWF       FSR1H 
0x061A	0x0E2D      	MOVLW       45
0x061C	0x6EE6      	MOVWF       POSTINC1 
L_IntToStr26:
;__Lib_Conversions.c,171 :: 		
L_end_IntToStr:
0x061E	0x0012      	RETURN      0
; end of _IntToStr
_UART1_Write_Text:
;__Lib_UART_c67.c,66 :: 		
;__Lib_UART_c67.c,67 :: 		
0x0620	0x6A50      	CLRF        UART1_Write_Text_counter_L0 
;__Lib_UART_c67.c,69 :: 		
0x0622	0xFFE9C04D  	MOVFF       FARG_UART1_Write_Text_uart_text, FSR0L
0x0626	0xFFEAC04E  	MOVFF       FARG_UART1_Write_Text_uart_text+1, FSR0H
0x062A	0xF04FCFEE  	MOVFF       POSTINC0, UART1_Write_Text_data__L0
;__Lib_UART_c67.c,70 :: 		
L_UART1_Write_Text5:
0x062E	0x504F      	MOVF        UART1_Write_Text_data__L0, 0 
0x0630	0x0A00      	XORLW       0
0x0632	0xE00D      	BZ          L_UART1_Write_Text6
;__Lib_UART_c67.c,71 :: 		
0x0634	0xF067C04F  	MOVFF       UART1_Write_Text_data__L0, FARG_UART1_Write_data_
0x0638	0xDD75      	RCALL       _UART1_Write
;__Lib_UART_c67.c,72 :: 		
0x063A	0x2A50      	INCF        UART1_Write_Text_counter_L0, 1 
;__Lib_UART_c67.c,73 :: 		
0x063C	0x5050      	MOVF        UART1_Write_Text_counter_L0, 0 
0x063E	0x244D      	ADDWF       FARG_UART1_Write_Text_uart_text, 0 
0x0640	0x6EE9      	MOVWF       FSR0L 
0x0642	0x0E00      	MOVLW       0
0x0644	0x204E      	ADDWFC      FARG_UART1_Write_Text_uart_text+1, 0 
0x0646	0x6EEA      	MOVWF       FSR0H 
0x0648	0xF04FCFEE  	MOVFF       POSTINC0, UART1_Write_Text_data__L0
;__Lib_UART_c67.c,74 :: 		
0x064C	0xD7F0      	BRA         L_UART1_Write_Text5
L_UART1_Write_Text6:
;__Lib_UART_c67.c,75 :: 		
L_end_UART1_Write_Text:
0x064E	0x0012      	RETURN      0
; end of _UART1_Write_Text
_flash:
;remot.c,23 :: 		void flash()
;remot.c,25 :: 		en1=0;
0x0650	0x9A81      	BCF         RB5_bit, 5 
;remot.c,26 :: 		en2=1;
0x0652	0x8C81      	BSF         RB6_bit, 6 
;remot.c,27 :: 		l1=1;
0x0654	0x8082      	BSF         RC0_bit, 0 
;remot.c,28 :: 		l2=0;
0x0656	0x9282      	BCF         RC1_bit, 1 
;remot.c,29 :: 		l3=0;
0x0658	0x9E81      	BCF         RB7_bit, 7 
;remot.c,30 :: 		l4=0;
0x065A	0x9880      	BCF         RA4_bit, 4 
;remot.c,31 :: 		delay_ms(500);
0x065C	0x0E03      	MOVLW       3
0x065E	0x6E0B      	MOVWF       R11, 0
0x0660	0x0E8A      	MOVLW       138
0x0662	0x6E0C      	MOVWF       R12, 0
0x0664	0x0E55      	MOVLW       85
0x0666	0x6E0D      	MOVWF       R13, 0
L_flash0:
0x0668	0x2E0D      	DECFSZ      R13, 1, 0
0x066A	0xD7FE      	BRA         L_flash0
0x066C	0x2E0C      	DECFSZ      R12, 1, 0
0x066E	0xD7FC      	BRA         L_flash0
0x0670	0x2E0B      	DECFSZ      R11, 1, 0
0x0672	0xD7FA      	BRA         L_flash0
0x0674	0x0000      	NOP
0x0676	0x0000      	NOP
;remot.c,32 :: 		l1=0;
0x0678	0x9082      	BCF         RC0_bit, 0 
;remot.c,33 :: 		l2=1;
0x067A	0x8282      	BSF         RC1_bit, 1 
;remot.c,34 :: 		l3=0;
0x067C	0x9E81      	BCF         RB7_bit, 7 
;remot.c,35 :: 		l4=0;
0x067E	0x9880      	BCF         RA4_bit, 4 
;remot.c,36 :: 		delay_ms(500);
0x0680	0x0E03      	MOVLW       3
0x0682	0x6E0B      	MOVWF       R11, 0
0x0684	0x0E8A      	MOVLW       138
0x0686	0x6E0C      	MOVWF       R12, 0
0x0688	0x0E55      	MOVLW       85
0x068A	0x6E0D      	MOVWF       R13, 0
L_flash1:
0x068C	0x2E0D      	DECFSZ      R13, 1, 0
0x068E	0xD7FE      	BRA         L_flash1
0x0690	0x2E0C      	DECFSZ      R12, 1, 0
0x0692	0xD7FC      	BRA         L_flash1
0x0694	0x2E0B      	DECFSZ      R11, 1, 0
0x0696	0xD7FA      	BRA         L_flash1
0x0698	0x0000      	NOP
0x069A	0x0000      	NOP
;remot.c,37 :: 		l1=0;
0x069C	0x9082      	BCF         RC0_bit, 0 
;remot.c,38 :: 		l2=0;
0x069E	0x9282      	BCF         RC1_bit, 1 
;remot.c,39 :: 		l3=1;
0x06A0	0x8E81      	BSF         RB7_bit, 7 
;remot.c,40 :: 		l4=0;
0x06A2	0x9880      	BCF         RA4_bit, 4 
;remot.c,41 :: 		delay_ms(500);
0x06A4	0x0E03      	MOVLW       3
0x06A6	0x6E0B      	MOVWF       R11, 0
0x06A8	0x0E8A      	MOVLW       138
0x06AA	0x6E0C      	MOVWF       R12, 0
0x06AC	0x0E55      	MOVLW       85
0x06AE	0x6E0D      	MOVWF       R13, 0
L_flash2:
0x06B0	0x2E0D      	DECFSZ      R13, 1, 0
0x06B2	0xD7FE      	BRA         L_flash2
0x06B4	0x2E0C      	DECFSZ      R12, 1, 0
0x06B6	0xD7FC      	BRA         L_flash2
0x06B8	0x2E0B      	DECFSZ      R11, 1, 0
0x06BA	0xD7FA      	BRA         L_flash2
0x06BC	0x0000      	NOP
0x06BE	0x0000      	NOP
;remot.c,42 :: 		l1=0;
0x06C0	0x9082      	BCF         RC0_bit, 0 
;remot.c,43 :: 		l2=0;
0x06C2	0x9282      	BCF         RC1_bit, 1 
;remot.c,44 :: 		l3=0;
0x06C4	0x9E81      	BCF         RB7_bit, 7 
;remot.c,45 :: 		l4=1;
0x06C6	0x8880      	BSF         RA4_bit, 4 
;remot.c,46 :: 		delay_ms(500);
0x06C8	0x0E03      	MOVLW       3
0x06CA	0x6E0B      	MOVWF       R11, 0
0x06CC	0x0E8A      	MOVLW       138
0x06CE	0x6E0C      	MOVWF       R12, 0
0x06D0	0x0E55      	MOVLW       85
0x06D2	0x6E0D      	MOVWF       R13, 0
L_flash3:
0x06D4	0x2E0D      	DECFSZ      R13, 1, 0
0x06D6	0xD7FE      	BRA         L_flash3
0x06D8	0x2E0C      	DECFSZ      R12, 1, 0
0x06DA	0xD7FC      	BRA         L_flash3
0x06DC	0x2E0B      	DECFSZ      R11, 1, 0
0x06DE	0xD7FA      	BRA         L_flash3
0x06E0	0x0000      	NOP
0x06E2	0x0000      	NOP
;remot.c,47 :: 		en2=0;
0x06E4	0x9C81      	BCF         RB6_bit, 6 
;remot.c,48 :: 		en1=1;
0x06E6	0x8A81      	BSF         RB5_bit, 5 
;remot.c,49 :: 		l1=1;
0x06E8	0x8082      	BSF         RC0_bit, 0 
;remot.c,50 :: 		l2=0;
0x06EA	0x9282      	BCF         RC1_bit, 1 
;remot.c,51 :: 		l3=0;
0x06EC	0x9E81      	BCF         RB7_bit, 7 
;remot.c,52 :: 		l4=0;
0x06EE	0x9880      	BCF         RA4_bit, 4 
;remot.c,53 :: 		delay_ms(500);
0x06F0	0x0E03      	MOVLW       3
0x06F2	0x6E0B      	MOVWF       R11, 0
0x06F4	0x0E8A      	MOVLW       138
0x06F6	0x6E0C      	MOVWF       R12, 0
0x06F8	0x0E55      	MOVLW       85
0x06FA	0x6E0D      	MOVWF       R13, 0
L_flash4:
0x06FC	0x2E0D      	DECFSZ      R13, 1, 0
0x06FE	0xD7FE      	BRA         L_flash4
0x0700	0x2E0C      	DECFSZ      R12, 1, 0
0x0702	0xD7FC      	BRA         L_flash4
0x0704	0x2E0B      	DECFSZ      R11, 1, 0
0x0706	0xD7FA      	BRA         L_flash4
0x0708	0x0000      	NOP
0x070A	0x0000      	NOP
;remot.c,54 :: 		l1=0;
0x070C	0x9082      	BCF         RC0_bit, 0 
;remot.c,55 :: 		l2=1;
0x070E	0x8282      	BSF         RC1_bit, 1 
;remot.c,56 :: 		l3=0;
0x0710	0x9E81      	BCF         RB7_bit, 7 
;remot.c,57 :: 		l4=0;
0x0712	0x9880      	BCF         RA4_bit, 4 
;remot.c,58 :: 		delay_ms(500);
0x0714	0x0E03      	MOVLW       3
0x0716	0x6E0B      	MOVWF       R11, 0
0x0718	0x0E8A      	MOVLW       138
0x071A	0x6E0C      	MOVWF       R12, 0
0x071C	0x0E55      	MOVLW       85
0x071E	0x6E0D      	MOVWF       R13, 0
L_flash5:
0x0720	0x2E0D      	DECFSZ      R13, 1, 0
0x0722	0xD7FE      	BRA         L_flash5
0x0724	0x2E0C      	DECFSZ      R12, 1, 0
0x0726	0xD7FC      	BRA         L_flash5
0x0728	0x2E0B      	DECFSZ      R11, 1, 0
0x072A	0xD7FA      	BRA         L_flash5
0x072C	0x0000      	NOP
0x072E	0x0000      	NOP
;remot.c,59 :: 		l1=0;
0x0730	0x9082      	BCF         RC0_bit, 0 
;remot.c,60 :: 		l2=0;
0x0732	0x9282      	BCF         RC1_bit, 1 
;remot.c,61 :: 		l3=1;
0x0734	0x8E81      	BSF         RB7_bit, 7 
;remot.c,62 :: 		l4=0;
0x0736	0x9880      	BCF         RA4_bit, 4 
;remot.c,63 :: 		delay_ms(500);
0x0738	0x0E03      	MOVLW       3
0x073A	0x6E0B      	MOVWF       R11, 0
0x073C	0x0E8A      	MOVLW       138
0x073E	0x6E0C      	MOVWF       R12, 0
0x0740	0x0E55      	MOVLW       85
0x0742	0x6E0D      	MOVWF       R13, 0
L_flash6:
0x0744	0x2E0D      	DECFSZ      R13, 1, 0
0x0746	0xD7FE      	BRA         L_flash6
0x0748	0x2E0C      	DECFSZ      R12, 1, 0
0x074A	0xD7FC      	BRA         L_flash6
0x074C	0x2E0B      	DECFSZ      R11, 1, 0
0x074E	0xD7FA      	BRA         L_flash6
0x0750	0x0000      	NOP
0x0752	0x0000      	NOP
;remot.c,64 :: 		l1=0;
0x0754	0x9082      	BCF         RC0_bit, 0 
;remot.c,65 :: 		l2=0;
0x0756	0x9282      	BCF         RC1_bit, 1 
;remot.c,66 :: 		l3=0;
0x0758	0x9E81      	BCF         RB7_bit, 7 
;remot.c,67 :: 		l4=1;
0x075A	0x8880      	BSF         RA4_bit, 4 
;remot.c,68 :: 		delay_ms(500);
0x075C	0x0E03      	MOVLW       3
0x075E	0x6E0B      	MOVWF       R11, 0
0x0760	0x0E8A      	MOVLW       138
0x0762	0x6E0C      	MOVWF       R12, 0
0x0764	0x0E55      	MOVLW       85
0x0766	0x6E0D      	MOVWF       R13, 0
L_flash7:
0x0768	0x2E0D      	DECFSZ      R13, 1, 0
0x076A	0xD7FE      	BRA         L_flash7
0x076C	0x2E0C      	DECFSZ      R12, 1, 0
0x076E	0xD7FC      	BRA         L_flash7
0x0770	0x2E0B      	DECFSZ      R11, 1, 0
0x0772	0xD7FA      	BRA         L_flash7
0x0774	0x0000      	NOP
0x0776	0x0000      	NOP
;remot.c,69 :: 		}
L_end_flash:
0x0778	0x0012      	RETURN      0
; end of _flash
_main:
0x077A	0xF004EC51  	CALL        2210, 0
;remot.c,195 :: 		void main() {
;remot.c,196 :: 		unsigned int x=0;
;remot.c,200 :: 		config();
0x077E	0xDECF      	RCALL       _config
;remot.c,201 :: 		flash();
0x0780	0xDF67      	RCALL       _flash
;remot.c,202 :: 		uart1_init(9600);
0x0782	0x86B8      	BSF         BAUDCON, 3, 0
0x0784	0x6AB0      	CLRF        SPBRGH 
0x0786	0x0E67      	MOVLW       103
0x0788	0x6EAF      	MOVWF       SPBRG 
0x078A	0x84AC      	BSF         TXSTA, 2, 0
0x078C	0xDE9D      	RCALL       _UART1_Init
;remot.c,203 :: 		uart1_write_text("hello");
0x078E	0x0E1F      	MOVLW       ?lstr1_remot
0x0790	0x6E4D      	MOVWF       FARG_UART1_Write_Text_uart_text 
0x0792	0x0E00      	MOVLW       hi_addr(?lstr1_remot)
0x0794	0x6E4E      	MOVWF       FARG_UART1_Write_Text_uart_text+1 
0x0796	0xDF44      	RCALL       _UART1_Write_Text
;remot.c,204 :: 		clpin[0]=touch(0);
0x0798	0x0100      	MOVLB       0
0x079A	0x6B67      	CLRF        FARG_touch_pin, 1
0x079C	0xDCCA      	RCALL       _touch
0x079E	0xF03DC000  	MOVFF       R0, main_clpin_L0
0x07A2	0xF03EC001  	MOVFF       R1, main_clpin_L0+1
;remot.c,205 :: 		clpin[1]=touch(1);
0x07A6	0x0E01      	MOVLW       1
0x07A8	0x0100      	MOVLB       0
0x07AA	0x6F67      	MOVWF       FARG_touch_pin, 1
0x07AC	0xDCC2      	RCALL       _touch
0x07AE	0xF03FC000  	MOVFF       R0, main_clpin_L0+2
0x07B2	0xF040C001  	MOVFF       R1, main_clpin_L0+3
;remot.c,206 :: 		clpin[2]=touch(2);
0x07B6	0x0E02      	MOVLW       2
0x07B8	0x0100      	MOVLB       0
0x07BA	0x6F67      	MOVWF       FARG_touch_pin, 1
0x07BC	0xDCBA      	RCALL       _touch
0x07BE	0xF041C000  	MOVFF       R0, main_clpin_L0+4
0x07C2	0xF042C001  	MOVFF       R1, main_clpin_L0+5
;remot.c,207 :: 		clpin[3]=touch(3);
0x07C6	0x0E03      	MOVLW       3
0x07C8	0x0100      	MOVLB       0
0x07CA	0x6F67      	MOVWF       FARG_touch_pin, 1
0x07CC	0xDCB2      	RCALL       _touch
0x07CE	0xF043C000  	MOVFF       R0, main_clpin_L0+6
0x07D2	0xF044C001  	MOVFF       R1, main_clpin_L0+7
;remot.c,208 :: 		clpin[4]=touch(8);
0x07D6	0x0E08      	MOVLW       8
0x07D8	0x0100      	MOVLB       0
0x07DA	0x6F67      	MOVWF       FARG_touch_pin, 1
0x07DC	0xDCAA      	RCALL       _touch
0x07DE	0xF045C000  	MOVFF       R0, main_clpin_L0+8
0x07E2	0xF046C001  	MOVFF       R1, main_clpin_L0+9
;remot.c,209 :: 		clpin[5]=touch(9);
0x07E6	0x0E09      	MOVLW       9
0x07E8	0x0100      	MOVLB       0
0x07EA	0x6F67      	MOVWF       FARG_touch_pin, 1
0x07EC	0xDCA2      	RCALL       _touch
0x07EE	0xF047C000  	MOVFF       R0, main_clpin_L0+10
0x07F2	0xF048C001  	MOVFF       R1, main_clpin_L0+11
;remot.c,210 :: 		clpin[6]=touch(10);
0x07F6	0x0E0A      	MOVLW       10
0x07F8	0x0100      	MOVLB       0
0x07FA	0x6F67      	MOVWF       FARG_touch_pin, 1
0x07FC	0xDC9A      	RCALL       _touch
0x07FE	0xF049C000  	MOVFF       R0, main_clpin_L0+12
0x0802	0xF04AC001  	MOVFF       R1, main_clpin_L0+13
;remot.c,211 :: 		clpin[7]=touch(12);
0x0806	0x0E0C      	MOVLW       12
0x0808	0x0100      	MOVLB       0
0x080A	0x6F67      	MOVWF       FARG_touch_pin, 1
0x080C	0xDC92      	RCALL       _touch
0x080E	0xF04BC000  	MOVFF       R0, main_clpin_L0+14
0x0812	0xF04CC001  	MOVFF       R1, main_clpin_L0+15
;remot.c,212 :: 		while(1)
L_main34:
;remot.c,215 :: 		uart1_write_text("pin=");
0x0816	0x0E15      	MOVLW       ?lstr2_remot
0x0818	0x6E4D      	MOVWF       FARG_UART1_Write_Text_uart_text 
0x081A	0x0E00      	MOVLW       hi_addr(?lstr2_remot)
0x081C	0x6E4E      	MOVWF       FARG_UART1_Write_Text_uart_text+1 
0x081E	0xDF00      	RCALL       _UART1_Write_Text
;remot.c,216 :: 		x=touch(2);
0x0820	0x0E02      	MOVLW       2
0x0822	0x0100      	MOVLB       0
0x0824	0x6F67      	MOVWF       FARG_touch_pin, 1
0x0826	0xDC85      	RCALL       _touch
;remot.c,217 :: 		inttostr(x,txt);
0x0828	0xF04DC000  	MOVFF       R0, FARG_IntToStr_input
0x082C	0xF04EC001  	MOVFF       R1, FARG_IntToStr_input+1
0x0830	0x0E35      	MOVLW       main_txt_L0
0x0832	0x6E4F      	MOVWF       FARG_IntToStr_output 
0x0834	0x0E00      	MOVLW       hi_addr(main_txt_L0)
0x0836	0x6E50      	MOVWF       FARG_IntToStr_output+1 
0x0838	0xDE87      	RCALL       _IntToStr
;remot.c,218 :: 		uart1_write_text(txt);
0x083A	0x0E35      	MOVLW       main_txt_L0
0x083C	0x6E4D      	MOVWF       FARG_UART1_Write_Text_uart_text 
0x083E	0x0E00      	MOVLW       hi_addr(main_txt_L0)
0x0840	0x6E4E      	MOVWF       FARG_UART1_Write_Text_uart_text+1 
0x0842	0xDEEE      	RCALL       _UART1_Write_Text
;remot.c,219 :: 		uart1_write(13);
0x0844	0x0E0D      	MOVLW       13
0x0846	0x0100      	MOVLB       0
0x0848	0x6F67      	MOVWF       FARG_UART1_Write_data_, 1
0x084A	0xDC6C      	RCALL       _UART1_Write
;remot.c,220 :: 		uart1_write_text("pin=");
0x084C	0x0E1A      	MOVLW       ?lstr3_remot
0x084E	0x6E4D      	MOVWF       FARG_UART1_Write_Text_uart_text 
0x0850	0x0E00      	MOVLW       hi_addr(?lstr3_remot)
0x0852	0x6E4E      	MOVWF       FARG_UART1_Write_Text_uart_text+1 
0x0854	0xDEE5      	RCALL       _UART1_Write_Text
;remot.c,221 :: 		pins=get_touch(clpin);
0x0856	0x0E3D      	MOVLW       main_clpin_L0
0x0858	0x6E4D      	MOVWF       FARG_get_touch_calepration 
0x085A	0x0E00      	MOVLW       hi_addr(main_clpin_L0)
0x085C	0x6E4E      	MOVWF       FARG_get_touch_calepration+1 
0x085E	0xDD55      	RCALL       _get_touch
0x0860	0xF03CC000  	MOVFF       R0, main_pins_L0
;remot.c,222 :: 		inttostr(pins,txt);
0x0864	0xF04DC000  	MOVFF       R0, FARG_IntToStr_input
0x0868	0x0E00      	MOVLW       0
0x086A	0x6E4E      	MOVWF       FARG_IntToStr_input+1 
0x086C	0x0E35      	MOVLW       main_txt_L0
0x086E	0x6E4F      	MOVWF       FARG_IntToStr_output 
0x0870	0x0E00      	MOVLW       hi_addr(main_txt_L0)
0x0872	0x6E50      	MOVWF       FARG_IntToStr_output+1 
0x0874	0xDE69      	RCALL       _IntToStr
;remot.c,223 :: 		uart1_write_text(txt);
0x0876	0x0E35      	MOVLW       main_txt_L0
0x0878	0x6E4D      	MOVWF       FARG_UART1_Write_Text_uart_text 
0x087A	0x0E00      	MOVLW       hi_addr(main_txt_L0)
0x087C	0x6E4E      	MOVWF       FARG_UART1_Write_Text_uart_text+1 
0x087E	0xDED0      	RCALL       _UART1_Write_Text
;remot.c,224 :: 		uart1_write(13);
0x0880	0x0E0D      	MOVLW       13
0x0882	0x0100      	MOVLB       0
0x0884	0x6F67      	MOVWF       FARG_UART1_Write_data_, 1
0x0886	0xDC4E      	RCALL       _UART1_Write
;remot.c,226 :: 		led(pins);
0x0888	0xF04DC03C  	MOVFF       main_pins_L0, FARG_led_pin
0x088C	0xDCD9      	RCALL       _led
;remot.c,229 :: 		}
0x088E	0xD7C3      	BRA         L_main34
;remot.c,234 :: 		}
L_end_main:
0x0890	0xD7FF      	BRA         $+0
; end of _main
0x08A2	0xF015EE10  	LFSR        1, 21
0x08A6	0x0E10      	MOVLW       16
0x08A8	0x6E00      	MOVWF       R0 
0x08AA	0x0E01      	MOVLW       1
0x08AC	0x6E01      	MOVWF       R1 
0x08AE	0x0E92      	MOVLW       146
0x08B0	0x6EF6      	MOVWF       4086 
0x08B2	0x0E08      	MOVLW       8
0x08B4	0x6EF7      	MOVWF       TBLPTRH 
0x08B6	0x0E00      	MOVLW       0
0x08B8	0x6EF8      	MOVWF       TBLPTRU 
0x08BA	0xF002EC9C  	CALL        1336, 0
0x08BE	0x0012      	RETURN      0
;remot.c,0 :: ?ICS?lstr2_remot
0x0892	0x6970 ;?ICS?lstr2_remot+0
0x0894	0x3D6E ;?ICS?lstr2_remot+2
0x0896	0x00 ;?ICS?lstr2_remot+4
; end of ?ICS?lstr2_remot
;remot.c,0 :: ?ICS?lstr3_remot
0x0897	0x6970 ;?ICS?lstr3_remot+0
0x0899	0x3D6E ;?ICS?lstr3_remot+2
0x089B	0x00 ;?ICS?lstr3_remot+4
; end of ?ICS?lstr3_remot
;remot.c,0 :: ?ICS?lstr1_remot
0x089C	0x6568 ;?ICS?lstr1_remot+0
0x089E	0x6C6C ;?ICS?lstr1_remot+2
0x08A0	0x006F ;?ICS?lstr1_remot+4
; end of ?ICS?lstr1_remot
Symbol List:
//** Routines locations **
//ADDRESS    SIZE    PROCEDURE
//----------------------------------------------
0x001C      [10]    _Delay_22us
0x0026      [54]    _Div_16x16_U
0x005C      [54]    _ADC_Read
0x0092     [146]    _WordToStr
0x0124      [14]    _UART1_Write
0x0132     [270]    _touch
0x0240     [202]    _led
0x030A     [446]    _get_touch
0x04C8      [86]    _UART1_Init
0x051E      [26]    _config
0x0538      [16]    ___CC2DW
0x0548     [216]    _IntToStr
0x0620      [48]    _UART1_Write_Text
0x0650     [298]    _flash
0x077A     [280]    _main
//** Variables locations ** 
//ADDRESS    SIZE    VARIABLE
//----------------------------------------------
0x0000       [1]    FLASH_Erase_64_SaveINTCON_L0
0x0000       [1]    __Lib_SoftI2C_PutZerosToLATSda_temp_sda_L0
0x0000       [1]    EEPROM_Write_SaveINTCON_L0
0x0000       [1]    UART1_Init_tmp_L0
0x0000       [1]    R0
0x0000       [1]    __Lib_SoftI2C_PutZerosToLATScl_temp_scl_L0
0x0000       [1]    SPI1_Write_tmp_L0
0x0001       [1]    I2C1_Rd_tmp_L0
0x0001       [1]    __Lib_TFT_16bit_JPEG_FileRead_i_L0
0x0001       [2]    FLASH_Read_N_Bytes_i_L0
0x0001       [1]    __Lib_TFT_16bit_JPEG_FileReadBytes_Result_L0
0x0001       [1]    ispunct_rslt_L0
0x0001       [1]    R1
0x0001       [1]    __Lib_PS2_Wait_Falling_nsample_L0
0x0001       [1]    FLASH_Write_32_i_L0
0x0001       [1]    UART1_Read___tmp_UART1_Read_L0
0x0001       [1]    __Lib_TFT_JPEG_FileReadBytes_Result_L0
0x0001       [1]    FLASH_Erase_Write_64_i_L0
0x0001       [1]    __Lib_TFT_JPEG_FileRead_i_L0
0x0002       [2]    memset_pp_L0
0x0002       [2]    __Lib_USB_genHID_memset_usb_pp_L0
0x0002       [1]    R2
0x0002       [2]    memcpy_dd_L0
0x0002       [1]    FLASH_Write_32_SaveINTCON_L0
0x0002       [2]    memchr_s_L0
0x0002       [2]    __Lib_USB_genHID_memset_usb_int_pp_L0
0x0002       [1]    __Lib_USB_genHID_USB_CtrlTrf_Rx_Service_byteToRead_L0
0x0002       [2]    strlen_cp_L0
0x0002       [1]    FLASH_Erase_Write_64_j_L0
0x0003       [2]    memmove_tt_L0
0x0003       [2]    MM_TotalFreeMemSize_Tot_L0
0x0003       [2]    __Lib_MmcFat16_f16_toInt_l_L0
0x0003       [1]    MM_Init_i_L0
0x0003       [1]    __Lib_USB_genHID_USB_CtrlTrf_Rx_Service_i_L0
0x0003       [2]    __Lib_USB_genHID_USB_CtrlTrf_Tx_Service_byteToSend_L0
0x0003       [2]    Ltrim_original_L0
0x0003       [1]    FLASH_Erase_Write_64_SaveINTCON_L0
0x0003       [1]    R3
0x0004       [2]    frexp_pom_L0
0x0004       [2]    __Lib_USB_genHID_USB_Get_Status_Handler_p_L2
0x0004       [2]    __Lib_MemManager_MM_GetMemAlign_P_L0
0x0004       [2]    __Lib_USB_genHID_USB_Std_Feature_Req_Handler_p_L0
0x0004       [2]    strncpy_cp_L0
0x0004       [2]    __Lib_USB_genHID_USB_Transfer_Packet_handle_L0
0x0004       [2]    memcpy_ss_L0
0x0004       [2]    __Lib_USB_genHID_USB_Transfer_Packet_Int_handle_L0
0x0004       [1]    R4
0x0004       [2]    strcpy_cp_L0
0x0004       [2]    strncat_cp_L0
0x0004       [2]    strcat_cp_L0
0x0005       [1]    R5
0x0005       [2]    LongWordToHex_input_half_L0
0x0005       [1]    MM_TotalFreeMemSize_i_L0
0x0005       [2]    __Lib_USB_genHID_USB_Configure_Endpoint_handle_L0
0x0005       [2]    LongIntToHex_input_half_L0
0x0005       [2]    Ltrim_p_L0
0x0005       [2]    memmove_ff_L0
0x0006       [1]    __Lib_MemManager_MM_GetMemAlign_i_L0
0x0006       [1]    R6
0x0007       [1]    __Lib_TFT_JPEG_GenerateHuffmanTables_bLength_L0
0x0007       [1]    __Lib_TFT_16bit_JPEG_GenerateHuffmanTables_bLength_L0
0x0007       [1]    R7
0x0008       [1]    __Lib_TFT_16bit_JPEG_GenerateHuffmanTables_bTable_L0
0x0008       [1]    __Lib_TFT_JPEG_GenerateHuffmanTables_bTable_L0
0x0008       [1]    R8
0x0009       [4]    __Lib_MmcFat16_f16_toLong_l_L0
0x0009       [1]    R9
0x000A       [1]    R10
0x000B       [1]    R11
0x000C       [1]    R12
0x000D       [1]    R13
0x000E       [1]    R14
0x000F       [1]    R15
0x0010       [1]    R16
0x0011       [1]    R17
0x0012       [1]    R18
0x0013       [1]    R19
0x0014       [1]    R20
0x0015       [5]    ?lstr2_remot
0x001A       [5]    ?lstr3_remot
0x001F       [6]    ?lstr1_remot
0x0025       [4]    _UART_Tx_Idle_Ptr
0x0029       [4]    _UART_Rd_Ptr
0x002D       [4]    _UART_Rdy_Ptr
0x0031       [4]    _UART_Wr_Ptr
0x0035       [7]    main_txt_L0
0x003C       [1]    main_pins_L0
0x003D      [16]    main_clpin_L0
0x004D       [2]    FARG_IntToStr_input
0x004D       [2]    FARG_UART1_Write_Text_uart_text
0x004D       [1]    FARG_led_pin
0x004D       [2]    FARG_get_touch_calepration
0x004F       [2]    get_touch_test1_L0
0x004F       [2]    FARG_IntToStr_output
0x004F       [1]    UART1_Write_Text_data__L0
0x0050       [1]    UART1_Write_Text_counter_L0
0x0051      [16]    get_touch_calpin_L0
0x0051       [2]    IntToStr_i_L0
0x0053       [2]    IntToStr_negative_L0
0x0055       [2]    IntToStr_inword_L0
0x0061       [1]    get_touch_i_L0
0x0062       [2]    get_touch_max_v_L0
0x0064       [2]    get_touch_min_v_L0
0x0066       [1]    get_touch_min_n_L0
0x0067       [2]    FARG_WordToStr_input
0x0067       [1]    FARG_touch_pin
0x0067       [1]    FARG_UART1_Write_data_
0x0068      [50]    touch_x_L0
0x0069       [2]    FARG_WordToStr_output
0x006B       [1]    WordToStr_len_L0
0x006C       [2]    FLOC__WordToStr
0x009A       [2]    touch_i_L0
0x009C       [2]    touch_av_L0
0x009E       [2]    touch_count_L0
0x00A0       [2]    FLOC__touch
0x00A2       [1]    FARG_ADC_Read_channel
0x0F80       [0]    RA4_bit
0x0F80       [0]    l4
0x0F81       [0]    RB7_bit
0x0F81       [0]    en1
0x0F81       [0]    l3
0x0F81       [0]    en2
0x0F81       [0]    RB5_bit
0x0F81       [0]    RB6_bit
0x0F82       [0]    RC1_bit
0x0F82       [0]    RC0_bit
0x0F82       [0]    l2
0x0F82       [0]    l1
0x0F92       [0]    TRISA4_bit
0x0F93       [0]    TRISB5_bit
0x0F93       [0]    TRISB6_bit
0x0F93       [0]    TRISB7_bit
0x0F94       [0]    TRISC0_bit
0x0F94       [0]    TRISC1_bit
0x0F94       [0]    TRISC6_bit
0x0F94       [0]    TRISC7_bit
0x0F9E       [1]    PIR1
0x0FAB       [1]    RCSTA
0x0FAC       [1]    TXSTA
0x0FAD       [1]    TXREG
0x0FAE       [1]    RCREG
0x0FAF       [1]    SPBRG
0x0FB0       [1]    SPBRGH
0x0FB8       [1]    BAUDCON
0x0FC0       [1]    ADCON2
0x0FC2       [1]    ADCON0
0x0FC3       [1]    ADRESL
0x0FC4       [1]    ADRESH
0x0FD8       [1]    STATUS
0x0FD9       [1]    FSR2L
0x0FDA       [1]    FSR2H
0x0FDE       [1]    POSTINC2
0x0FE0       [1]    BSR
0x0FE1       [1]    FSR1L
0x0FE2       [1]    FSR1H
0x0FE4       [1]    PREINC1
0x0FE6       [1]    POSTINC1
0x0FE7       [1]    INDF1
0x0FE8       [1]    WREG
0x0FE9       [1]    FSR0L
0x0FEA       [1]    FSR0H
0x0FEE       [1]    POSTINC0
0x0FF3       [1]    PRODL
0x0FF4       [1]    PRODH
0x0FF5       [1]    TABLAT
0x0FF6       [1]    TBLPTRL
0x0FF7       [1]    TBLPTRH
0x0FF8       [1]    TBLPTRU
//** Constants locations ** 
//ADDRESS    SIZE    CONSTANT
//----------------------------------------------
0x0892       [5]    ?ICS?lstr2_remot
0x0897       [5]    ?ICS?lstr3_remot
0x089C       [6]    ?ICS?lstr1_remot
//** Label List: ** 
//----------------------------------------------
  L_flash0
  L_flash1
  L_flash2
  L_flash3
  L_flash4
  L_flash5
  L_flash6
  L_flash7
  L_touch8
  L_touch9
  L_touch10
  L_touch11
  L_touch12
  L_touch13
  L_get_touch14
  L_get_touch15
  L_get_touch16
  L_get_touch17
  L_get_touch18
  L_get_touch19
  L_get_touch20
  L_get_touch21
  L_get_touch22
  L_get_touch23
  L_get_touch24
  L_get_touch25
  L_led26
  L_led27
  L_led28
  L_led29
  L_led30
  L_led31
  L_led32
  L_led33
  L_main34
  L_main35
  L__touch36
  L_end_config
  _config
  L_end_flash
  _flash
  L_end_touch
  _touch
  L__touch40
  L__touch41
  L__touch42
  L_end_get_touch
  _get_touch
  L__get_touch44
  L__get_touch45
  L__get_touch46
  L_end_led
  _led
  L_end_main
  _main
  L_ADC_Get_Sample0
  L_ADC_Get_Sample1
  L_ADC_Read2
  L_ADC_Read3
  L_end_ADC_Init
  _ADC_Init
  L_end_ADC_Get_Sample
  _ADC_Get_Sample
  L_end_ADC_Read
  _ADC_Read
  L_ByteToStr0
  L_ByteToStr1
  L_ByteToStr2
  L_ByteToStr3
  L_ByteToStr4
  L_ByteToStr5
  L_WordToStr6
  L_WordToStr7
  L_WordToStr8
  L_WordToStr9
  L_WordToStr10
  L_WordToStr11
  L_WordToStrWithZeros12
  L_WordToStrWithZeros13
  L_WordToStrWithZeros14
  L_WordToStrWithZeros15
  L_WordToStrWithZeros16
  L_ShortToStr17
  L_ShortToStr18
  L_ShortToStr19
  L_ShortToStr20
  L_ShortToStr21
  L_ShortToStr22
  L_IntToStr23
  L_IntToStr24
  L_IntToStr25
  L_IntToStr26
  L_IntToStr27
  L_IntToStr28
  L_IntToStrWithZeros29
  L_IntToStrWithZeros30
  L_IntToStrWithZeros31
  L_IntToStrWithZeros32
  L_IntToStrWithZeros33
  L_IntToStrWithZeros34
  L_IntToStrWithZeros35
  L_IntToStrWithZeros36
  L_IntToStrWithZeros37
  L_LongWordToStr38
  L_LongWordToStr39
  L_LongWordToStr40
  L_LongWordToStr41
  L_LongWordToStr42
  L_LongWordToStr43
  L_LongWordToStrWithZeros44
  L_LongWordToStrWithZeros45
  L_LongWordToStrWithZeros46
  L_LongWordToStrWithZeros47
  L_LongWordToStrWithZeros48
  L_LongToStr49
  L_LongToStr50
  L_LongToStr51
  L_LongToStr52
  L_LongToStr53
  L_LongToStr54
  L_LongIntToStrWithZeros55
  L_LongIntToStrWithZeros56
  L_LongIntToStrWithZeros57
  L_LongIntToStrWithZeros58
  L_LongIntToStrWithZeros59
  L_LongIntToStrWithZeros60
  L_LongIntToStrWithZeros61
  L_LongIntToStrWithZeros62
  L_LongIntToStrWithZeros63
  L_Dec2Bcd64
  L_Dec2Bcd65
  L_Rtrim66
  L_Rtrim67
  L_Rtrim68
  L_Rtrim69
  L_Ltrim70
  L_Ltrim71
  L_Ltrim72
  L_Ltrim73
  L_Ltrim74
  L_Ltrim75
  L_FloatToStr76
  L_FloatToStr77
  L_FloatToStr78
  L_FloatToStr79
  L_FloatToStr80
  L_FloatToStr81
  L_FloatToStr82
  L_FloatToStr83
  L_FloatToStr84
  L_FloatToStr85
  L_FloatToStr86
  L_FloatToStr87
  L_FloatToStr88
  L_FloatToStr89
  L_FloatToStr90
  L_FloatToStr91
  L_FloatToStr92
  L_FloatToStr93
  L_FloatToStr94
  L_FloatToStr95
  L_FloatToStr96
  L_FloatToStr97
  L__Rtrim98
  L__Ltrim99
  L__FloatToStr100
  L_end_ByteToHex
  _ByteToHex
  L_end_ShortToHex
  _ShortToHex
  L_end_WordToHex
  _WordToHex
  L_end_IntToHex
  _IntToHex
  L_end_LongWordToHex
  _LongWordToHex
  L_end_LongIntToHex
  _LongIntToHex
  L_end_ByteToStr
  _ByteToStr
  L_end_WordToStr
  _WordToStr
  L__WordToStr109
  L_end_WordToStrWithZeros
  _WordToStrWithZeros
  L__WordToStrWithZeros111
  L_end_ShortToStr
  _ShortToStr
  L__ShortToStr113
  L_end_IntToStr
  _IntToStr
  L__IntToStr115
  L__IntToStr116
  L_end_IntToStrWithZeros
  _IntToStrWithZeros
  L__IntToStrWithZeros118
  L__IntToStrWithZeros119
  L__IntToStrWithZeros120
  L_end_LongWordToStr
  _LongWordToStr
  L__LongWordToStr122
  L__LongWordToStr123
  L_end_LongWordToStrWithZeros
  _LongWordToStrWithZeros
  L__LongWordToStrWithZeros125
  L_end_LongToStr
  _LongToStr
  L__LongToStr127
  L__LongToStr128
  L_end_LongIntToStrWithZeros
  _LongIntToStrWithZeros
  L__LongIntToStrWithZeros130
  L__LongIntToStrWithZeros131
  L__LongIntToStrWithZeros132
  L_end_Dec2Bcd
  _Dec2Bcd
  L_end_Bcd2Dec
  _Bcd2Dec
  L_end_Bcd2Dec16
  _Bcd2Dec16
  L__Bcd2Dec16136
  L__Bcd2Dec16137
  L_end_Dec2Bcd16
  _Dec2Bcd16
  L__Dec2Bcd16139
  L__Dec2Bcd16140
  L_end_Rtrim
  _Rtrim
  L__Rtrim142
  L_end_Ltrim
  _Ltrim
  L_end_FloatToStr
  _FloatToStr
  L__FloatToStr145
  L__FloatToStr146
  L__FloatToStr147
  L__FloatToStr148
  L__FloatToStr149
  L_Delay_10us0
  L_Delay_22us1
  L_Delay_50us2
  L_Delay_80us3
  L_Delay_500us4
  L_Delay_5500us5
  L_Delay_1ms6
  L_Delay_5ms7
  L_Delay_8ms8
  L_Delay_100ms9
  L_Delay_10ms10
  L_Delay_1sec11
  L____Boot_Delay4k12
  L____Boot_Delay8k13
  L____Boot_Delay12k14
  L____Boot_Delay16k15
  L____Boot_Delay24k16
  L____Boot_Delay32k17
  L____Boot_Delay48k18
  L____Boot_Delay64k19
  L____Boot_Delay128k20
  L_Delay_Cyc21
  L_Delay_Cyc22
  L_VDelay_ms23
  L_VDelay_ms24
  L_VDelay_ms25
  L_VDelay_Advanced_ms26
  L_VDelay_Advanced_ms27
  L_VDelay_Advanced_ms28
  L_end_Get_Fosc_kHz
  _Get_Fosc_kHz
  L_end_Delay_1us
  _Delay_1us
  L_end_Delay_10us
  _Delay_10us
  L_end_Delay_22us
  _Delay_22us
  L_end_Delay_50us
  _Delay_50us
  L_end_Delay_80us
  _Delay_80us
  L_end_Delay_500us
  _Delay_500us
  L_end_Delay_5500us
  _Delay_5500us
  L_end_Delay_1ms
  _Delay_1ms
  L_end_Delay_5ms
  _Delay_5ms
  L_end_Delay_8ms
  _Delay_8ms
  L_end_Delay_100ms
  _Delay_100ms
  L_end_Delay_10ms
  _Delay_10ms
  L_end_Delay_1sec
  _Delay_1sec
  L_end____Boot_Delay4k
  ____Boot_Delay4k
  L_end____Boot_Delay8k
  ____Boot_Delay8k
  L_end____Boot_Delay12k
  ____Boot_Delay12k
  L_end____Boot_Delay16k
  ____Boot_Delay16k
  L_end____Boot_Delay24k
  ____Boot_Delay24k
  L_end____Boot_Delay32k
  ____Boot_Delay32k
  L_end____Boot_Delay48k
  ____Boot_Delay48k
  L_end____Boot_Delay64k
  ____Boot_Delay64k
  L_end____Boot_Delay128k
  ____Boot_Delay128k
  L_end_Delay_Cyc
  _Delay_Cyc
  L_end_VDelay_ms
  _VDelay_ms
  L__VDelay_ms54
  L__VDelay_ms55
  L__VDelay_ms56
  L_end_VDelay_Advanced_ms
  _VDelay_Advanced_ms
  L__VDelay_Advanced_ms58
  L__VDelay_Advanced_ms59
  L__VDelay_Advanced_ms60
  L_Div_16x16_S0
  L_Div_16x16_S1
  LOOPS3232A
  SADD22LA
  SOK22LA
  SADD22L8
  SOK22L8
  LOOPS3232B
  SADD22LB
  SOK22LB
  SADD22L16
  SOK22L16
  LOOPS3232C
  SADD22LC
  SOK22LC
  SADD22L24
  SOK22L24
  LOOPS3232D
  SADD22LD
  SOK22LD
  SOK22L
  L_Div_32x32_S6
  L_Div_32x32_S7
  L_Div_32x32_S8
  L_Div_32x32_S9
  FXD3232S
  END_ALL
  CA3232S
  C3232SX
  C3232SX1
  C3232S
  C3232S2
  C3232SX4
  C3232SOK
  C3232SX3
  C3232SX2
  avoid_comfrem
  LOOPU3232A
  UADD22LA
  UOK22LA
  UADD22L8
  UOK22L8
  LOOPU3232B
  UADD22LB
  UOK22LB
  UADD22L16
  UOK22L16
  LOOPU3232C
  UADD22LC
  UOK22LC
  UADD22L24
  UOK22L24
  LOOPU3232D
  UADD22LD
  UOK22LD
  UOK22L
  _NEXT
  _EXIT2
  _LOOP
  _EXIT1
  _IF_FIRST
  _IF_SECOND
  _INVERCE_FIRST
  _MULT
  _INBERSE_SECOND
  _EXIT
  L_end_Div_8x8_U
  _Div_8x8_U
  L_end_Div_16x16_U
  _Div_16x16_U
  L_end_Div_16x16_S_L
  _Div_16x16_S_L
  L_end_Div_16x16_S
  _Div_16x16_S
  L_end_Div_8x8_S
  _Div_8x8_S
  L_end_Mul_8x8_S
  _Mul_8x8_S
  L_end_Mul_16x16_U
  _Mul_16x16_U
  L_end_Mul_16x16_S
  _Mul_16x16_S
  L_end_SDIV3232L
  _SDIV3232L
  L_end_COMFREM
  _COMFREM
  L_end_Div_32x32_S
  _Div_32x32_S
  L_end_Div_32x32_U
  _Div_32x32_U
  L_end_Mul_32x32_U
  _Mul_32x32_U
  L_end_Mul_32x32_S
  _Mul_32x32_S
  _CC2D_Loop1
  _CC2DL_Loop1
  L_loopCA2AWs
  L_loopCCA2AWs
  L_loopCS2Ss
  L_CS2Send
  L_loopCCS2Ss
  L_CCS2Send
  L_loopFZinSWs
  L_longjmp7
  L_end___CC2D
  ___CC2D
  L_end___CC2DW
  ___CC2DW
  L_end___CA2AW
  ___CA2AW
  L_end___CCA2AW
  ___CCA2AW
  L_end___CS2S
  ___CS2S
  L_end___CCS2S
  ___CCS2S
  L_end___FZinS
  ___FZinS
  L_end_____DoIFC
  _____DoIFC
  L_end_Swap
  _Swap
  L_end_setjmp
  _setjmp
  L_end_longjmp
  _longjmp
  L_UART1_Init0
  L_UART1_Init1
  L_UART1_Read2
  L_UART1_Write3
  L_UART1_Write4
  L_UART1_Write_Text5
  L_UART1_Write_Text6
  L_UART1_Read_Text7
  L_UART1_Read_Text8
  L_UART1_Read_Text9
  L_UART1_Read_Text10
  L_UART1_Read_Text11
  L_UART1_Read_Text12
  L_UART1_Read_Text13
  L_UART1_Read_Text14
  L_UART1_Read_Text15
  L_UART_Write_Text16
  L_UART_Write_Text17
  L_UART_Read_Text18
  L_UART_Read_Text19
  L_UART_Read_Text20
  L_UART_Read_Text21
  L_UART_Read_Text22
  L_UART_Read_Text23
  L_UART_Read_Text24
  L_UART_Read_Text25
  L_UART_Read_Text26
  L_end_UART1_Init
  _UART1_Init
  L_end_UART1_Data_Ready
  _UART1_Data_Ready
  L_end_UART1_Read
  _UART1_Read
  L_end_UART1_Tx_Idle
  _UART1_Tx_Idle
  L_end_UART1_Write
  _UART1_Write
  L_end_UART1_Write_Text
  _UART1_Write_Text
  L_end_UART1_Read_Text
  _UART1_Read_Text
  L_end_UART_Set_Active
  _UART_Set_Active
  L_end_UART_Write
  _UART_Write
  L_end_UART_Write_Text
  _UART_Write_Text
  L_end_UART_Read
  _UART_Read
  L_end_UART_Data_Ready
  _UART_Data_Ready
  L_end_UART_Read_Text
  _UART_Read_Text
  L_end_UART_Tx_Idle
  _UART_Tx_Idle
